2024-06-08 21:23:12,029 [INFO] Activator:179 - 


2024-06-08 21:23:12,030 [INFO] Activator:180 - !SESSION log4j initialized
2024-06-08 21:23:22,290 [ERROR] ConfigurationRetriever:140 - IOException on connection: citools.st.com
2024-06-08 21:23:22,292 [ERROR] ConfigurationRetriever:140 - IOException on connection: citools.st.com
2024-06-08 21:23:22,293 [ERROR] ConfigurationRetriever:140 - IOException on connection: citools.st.com
2024-06-08 21:23:25,859 [INFO] McuFinderGlobals:52 - Set McuFinder mode to 2 (CubeIDE integrated)
2024-06-08 21:23:26,118 [INFO] ApplicationProperties:181 - Using Application install path: C:\ST\STM32CubeIDE_1.11.2\STM32CubeIDE\plugins\com.st.stm32cube.common.mx_6.7.0.202301130839
2024-06-08 21:23:26,141 [INFO] DbMcusXml:77 - Set database path to: C:\ST\STM32CubeIDE_1.11.2\STM32CubeIDE\plugins\com.st.stm32cube.common.mx_6.7.0.202301130839\\db\/mcu/
2024-06-08 21:23:26,141 [INFO] ApiDb:273 - Set plugin database path to: C:\ST\STM32CubeIDE_1.11.2\STM32CubeIDE\plugins\com.st.stm32cube.common.mx_6.7.0.202301130839\\db\/plugins/boardmanager/
2024-06-08 21:23:26,143 [WARN] ApiDb:258 - Overriding images path with different value:  => C:\ST\STM32CubeIDE_1.11.2\STM32CubeIDE\plugins\com.st.stm32cube.common.mx_6.7.0.202301130839\\db\/plugins/mcufinder/images/
2024-06-08 21:23:27,733 [WARN] ApiFinderProperties:110 - C:\Users\under\.stmcufinder\plugins\mcufinder\mcu\mcuFinder.mfd doesn't exist
2024-06-08 21:23:27,734 [INFO] ApiDb:249 - Set database path to: C:\Users\under\.stmcufinder\plugins\mcufinder//mcu/
2024-06-08 21:23:27,735 [INFO] DbMcusAds:124 - Set database path to: C:\Users\under\.stmcufinder\plugins\mcufinder//mcu/
2024-06-08 21:23:27,758 [INFO] CrossReferenceDbSqlite:202 - Set database path to: C:\Users\under\.stmcufinder\plugins\mcufinder//mcu/cs/
2024-06-08 21:23:27,867 [INFO] RulesReader:61 - Compatibility file has been processed (283 Rules)
2024-06-08 21:23:27,971 [INFO] DbMcusXml:77 - Set database path to: C:\ST\STM32CubeIDE_1.11.2\STM32CubeIDE\plugins\com.st.stm32cube.common.mx_6.7.0.202301130839\\db\/mcu/
2024-06-08 21:23:27,971 [INFO] ApiDb:273 - Set plugin database path to: C:\ST\STM32CubeIDE_1.11.2\STM32CubeIDE\plugins\com.st.stm32cube.common.mx_6.7.0.202301130839\\db\/plugins/boardmanager/
2024-06-08 21:23:27,971 [INFO] ApiDb:260 - Set plugin images path to: C:\ST\STM32CubeIDE_1.11.2\STM32CubeIDE\plugins\com.st.stm32cube.common.mx_6.7.0.202301130839\\db\/plugins/mcufinder/images/
2024-06-08 21:23:27,972 [WARN] DbFile:40 - Overriding database path with different value: C:\Users\under\.stmcufinder\plugins\mcufinder/ => C:\Users\under\.stmcufinder\plugins\mcufinder
2024-06-08 21:23:27,972 [INFO] ApiDb:249 - Set database path to: C:\Users\under\.stmcufinder\plugins\mcufinder//mcu/
2024-06-08 21:23:27,972 [WARN] DbFile:40 - Overriding database path with different value: C:\Users\under\.stmcufinder\plugins\mcufinder/ => C:\Users\under\.stmcufinder\plugins\mcufinder
2024-06-08 21:23:27,974 [INFO] DbMcusAds:124 - Set database path to: C:\Users\under\.stmcufinder\plugins\mcufinder//mcu/
2024-06-08 21:23:27,974 [WARN] DbFile:40 - Overriding database path with different value: C:\Users\under\.stmcufinder\plugins\mcufinder/ => C:\Users\under\.stmcufinder\plugins\mcufinder
2024-06-08 21:23:27,974 [WARN] DbFile:40 - Overriding database path with different value: C:\Users\under\.stmcufinder\plugins\mcufinder/ => C:\Users\under\.stmcufinder\plugins\mcufinder
2024-06-08 21:23:27,974 [INFO] CrossReferenceDbSqlite:202 - Set database path to: C:\Users\under\.stmcufinder\plugins\mcufinder//mcu/cs/
2024-06-08 21:23:28,049 [INFO] MainPanel:252 - HeapMemory: 268435456
2024-06-08 21:23:28,138 [INFO] DbMcusXml:77 - Set database path to: C:\ST\STM32CubeIDE_1.11.2\STM32CubeIDE\plugins\com.st.stm32cube.common.mx_6.7.0.202301130839\\db\/mcu/
2024-06-08 21:23:28,139 [INFO] ApiDb:273 - Set plugin database path to: C:\ST\STM32CubeIDE_1.11.2\STM32CubeIDE\plugins\com.st.stm32cube.common.mx_6.7.0.202301130839\\db\/plugins/boardmanager/
2024-06-08 21:23:28,139 [INFO] ApiDb:260 - Set plugin images path to: C:\ST\STM32CubeIDE_1.11.2\STM32CubeIDE\plugins\com.st.stm32cube.common.mx_6.7.0.202301130839\\db\/plugins/mcufinder/images/
2024-06-08 21:23:28,140 [WARN] DbFile:40 - Overriding database path with different value: C:\Users\under\.stmcufinder\plugins\mcufinder/ => C:\Users\under\.stmcufinder\plugins\mcufinder
2024-06-08 21:23:28,140 [INFO] ApiDb:249 - Set database path to: C:\Users\under\.stmcufinder\plugins\mcufinder//mcu/
2024-06-08 21:23:28,140 [WARN] DbFile:40 - Overriding database path with different value: C:\Users\under\.stmcufinder\plugins\mcufinder/ => C:\Users\under\.stmcufinder\plugins\mcufinder
2024-06-08 21:23:28,140 [INFO] DbMcusAds:124 - Set database path to: C:\Users\under\.stmcufinder\plugins\mcufinder//mcu/
2024-06-08 21:23:28,140 [WARN] DbFile:40 - Overriding database path with different value: C:\Users\under\.stmcufinder\plugins\mcufinder/ => C:\Users\under\.stmcufinder\plugins\mcufinder
2024-06-08 21:23:28,141 [WARN] DbFile:40 - Overriding database path with different value: C:\Users\under\.stmcufinder\plugins\mcufinder/ => C:\Users\under\.stmcufinder\plugins\mcufinder
2024-06-08 21:23:28,141 [INFO] CrossReferenceDbSqlite:202 - Set database path to: C:\Users\under\.stmcufinder\plugins\mcufinder//mcu/cs/
2024-06-08 21:23:28,161 [INFO] ApplicationProperties:181 - Using Application install path: C:\ST\STM32CubeIDE_1.11.2\STM32CubeIDE\plugins\com.st.stm32cube.common.mx_6.7.0.202301130839
2024-06-08 21:23:28,163 [INFO] PluginManage:193 - Search for loadable plugins [exclusion list=, ]
2024-06-08 21:23:28,164 [INFO] PluginManage:307 - Check plugin analytics
2024-06-08 21:23:28,376 [INFO] AnalyticsPlugin:262 - Accepted Software Licenses: 
2024-06-08 21:23:28,377 [INFO] AnalyticsPlugin:264 - Accepted CMSIS Pack Licenses: 
2024-06-08 21:23:28,378 [INFO] AnalyticsPlugin:266 - Accepted Firmware Licenses: 
2024-06-08 21:23:28,396 [INFO] PluginManage:356 - Loaded plugin analytics (category:tool,tabindex:-1)
2024-06-08 21:23:28,396 [INFO] PluginManage:307 - Check plugin cadmodel
2024-06-08 21:23:28,401 [INFO] CADModel:104 - Init CAD model plugin
2024-06-08 21:23:28,403 [INFO] PluginManage:356 - Loaded plugin cadmodel (category:power,tabindex:5)
2024-06-08 21:23:28,403 [INFO] PluginManage:307 - Check plugin clock
2024-06-08 21:23:28,415 [INFO] PluginManage:356 - Loaded plugin clock (category:base,tabindex:2)
2024-06-08 21:23:28,415 [INFO] PluginManage:307 - Check plugin ddr
2024-06-08 21:23:28,418 [INFO] PluginManage:356 - Loaded plugin ddr (category:tool,tabindex:6)
2024-06-08 21:23:28,418 [INFO] PluginManage:307 - Check plugin filemanager
2024-06-08 21:23:28,644 [INFO] PluginManage:356 - Loaded plugin filemanager (category:base,tabindex:10)
2024-06-08 21:23:28,644 [INFO] PluginManage:307 - Check plugin ipmanager
2024-06-08 21:23:28,653 [INFO] PluginManage:356 - Loaded plugin ipmanager (category:base,tabindex:5)
2024-06-08 21:23:28,653 [INFO] PluginManage:307 - Check plugin lpbam
2024-06-08 21:23:28,666 [INFO] PluginManage:356 - Loaded plugin lpbam (category:base,tabindex:0)
2024-06-08 21:23:28,666 [INFO] PluginManage:307 - Check plugin pinoutandconfiguration
2024-06-08 21:23:28,687 [INFO] PluginManage:356 - Loaded plugin pinoutandconfiguration (category:base,tabindex:1)
2024-06-08 21:23:28,688 [INFO] PluginManage:307 - Check plugin pinoutconfig
2024-06-08 21:23:28,751 [INFO] PluginManage:356 - Loaded plugin pinoutconfig (category:base,tabindex:0)
2024-06-08 21:23:28,751 [INFO] PluginManage:307 - Check plugin power
2024-06-08 21:23:28,763 [INFO] PluginManage:356 - Loaded plugin power (category:power,tabindex:4)
2024-06-08 21:23:28,764 [INFO] PluginManage:307 - Check plugin projectmanager
2024-06-08 21:23:28,783 [INFO] PluginManage:356 - Loaded plugin projectmanager (category:projectmanager,tabindex:3)
2024-06-08 21:23:28,783 [INFO] PluginManage:307 - Check plugin thirdparty
2024-06-08 21:23:28,906 [WARN] IntegrityCheckThread:82 - waiting for thirdparty lock release [integrity check]
2024-06-08 21:23:28,910 [INFO] PluginManage:356 - Loaded plugin thirdparty (category:base,tabindex:-1)
2024-06-08 21:23:28,910 [INFO] PluginManage:307 - Check plugin tools
2024-06-08 21:23:28,910 [INFO] IntegrityCheckThread:84 - entering critical section [integrity check]
2024-06-08 21:23:28,913 [INFO] ThirdPartyUpdaterWithRetryManager:70 - Updater plugin not ready yet. [1/15]
2024-06-08 21:23:28,915 [INFO] PluginManage:356 - Loaded plugin tools (category:base,tabindex:7)
2024-06-08 21:23:28,915 [INFO] PluginManage:307 - Check plugin tutovideos
2024-06-08 21:23:29,081 [INFO] PluginManage:356 - Loaded plugin tutovideos (category:base,tabindex:-1)
2024-06-08 21:23:29,081 [INFO] PluginManage:307 - Check plugin updater
2024-06-08 21:23:29,099 [INFO] PluginManage:356 - Loaded plugin updater (category:base,tabindex:12)
2024-06-08 21:23:29,100 [INFO] PluginManage:280 - PluginManage : Loaded plugins [15]
2024-06-08 21:23:29,350 [INFO] PinOutPanel:1477 - setPackage(No Configuration,No Configuration)
2024-06-08 21:23:29,418 [INFO] CADModel:164 - CPN selected for project level
2024-06-08 21:23:29,418 [INFO] CADModel:113 - Register for checkConnection events
2024-06-08 21:23:29,432 [INFO] IPUIPlugin:79 - create IPUIPlugin
2024-06-08 21:23:29,432 [INFO] PluginManager:219 - loadIPPluginJar : add adc
2024-06-08 21:23:29,434 [INFO] IPUIPlugin:79 - create IPUIPlugin
2024-06-08 21:23:29,434 [INFO] PluginManager:219 - loadIPPluginJar : add aes
2024-06-08 21:23:29,436 [INFO] IPUIPlugin:79 - create IPUIPlugin
2024-06-08 21:23:29,436 [INFO] PluginManager:219 - loadIPPluginJar : add can
2024-06-08 21:23:29,437 [INFO] IPUIPlugin:79 - create IPUIPlugin
2024-06-08 21:23:29,437 [INFO] PluginManager:219 - loadIPPluginJar : add comp
2024-06-08 21:23:29,439 [INFO] IPUIPlugin:79 - create IPUIPlugin
2024-06-08 21:23:29,439 [INFO] PluginManager:219 - loadIPPluginJar : add cryp
2024-06-08 21:23:29,441 [INFO] IPUIPlugin:79 - create IPUIPlugin
2024-06-08 21:23:29,441 [INFO] PluginManager:219 - loadIPPluginJar : add dfsdm
2024-06-08 21:23:29,448 [INFO] IPUIPlugin:79 - create IPUIPlugin
2024-06-08 21:23:29,449 [INFO] PluginManager:219 - loadIPPluginJar : add dma
2024-06-08 21:23:29,451 [INFO] IPUIPlugin:79 - create IPUIPlugin
2024-06-08 21:23:29,452 [INFO] PluginManager:219 - loadIPPluginJar : add dma3
2024-06-08 21:23:29,453 [INFO] IPUIPlugin:79 - create IPUIPlugin
2024-06-08 21:23:29,453 [INFO] PluginManager:219 - loadIPPluginJar : add fatfs
2024-06-08 21:23:29,457 [INFO] IPUIPlugin:79 - create IPUIPlugin
2024-06-08 21:23:29,457 [INFO] PluginManager:219 - loadIPPluginJar : add fmc
2024-06-08 21:23:29,462 [INFO] IPUIPlugin:79 - create IPUIPlugin
2024-06-08 21:23:29,463 [INFO] PluginManager:219 - loadIPPluginJar : add freertos
2024-06-08 21:23:29,463 [INFO] IPUIPlugin:79 - create IPUIPlugin
2024-06-08 21:23:29,463 [INFO] PluginManager:219 - loadIPPluginJar : add genericplugin
2024-06-08 21:23:29,465 [INFO] IPUIPlugin:79 - create IPUIPlugin
2024-06-08 21:23:29,465 [INFO] PluginManager:219 - loadIPPluginJar : add gfxmmu
2024-06-08 21:23:29,468 [INFO] IPUIPlugin:79 - create IPUIPlugin
2024-06-08 21:23:29,469 [INFO] PluginManager:219 - loadIPPluginJar : add gic
2024-06-08 21:23:29,471 [INFO] IPUIPlugin:79 - create IPUIPlugin
2024-06-08 21:23:29,471 [INFO] PluginManager:219 - loadIPPluginJar : add gpio
2024-06-08 21:23:29,474 [INFO] IPUIPlugin:79 - create IPUIPlugin
2024-06-08 21:23:29,475 [INFO] PluginManager:219 - loadIPPluginJar : add gtzc
2024-06-08 21:23:29,476 [INFO] IPUIPlugin:79 - create IPUIPlugin
2024-06-08 21:23:29,476 [INFO] PluginManager:219 - loadIPPluginJar : add hash
2024-06-08 21:23:29,478 [INFO] IPUIPlugin:79 - create IPUIPlugin
2024-06-08 21:23:29,479 [INFO] PluginManager:219 - loadIPPluginJar : add i2c
2024-06-08 21:23:29,481 [INFO] IPUIPlugin:79 - create IPUIPlugin
2024-06-08 21:23:29,482 [INFO] PluginManager:219 - loadIPPluginJar : add i2s
2024-06-08 21:23:29,484 [INFO] IPUIPlugin:79 - create IPUIPlugin
2024-06-08 21:23:29,484 [INFO] PluginManager:219 - loadIPPluginJar : add ipddr
2024-06-08 21:23:29,489 [INFO] IPUIPlugin:79 - create IPUIPlugin
2024-06-08 21:23:29,490 [INFO] PluginManager:219 - loadIPPluginJar : add linkedlist
2024-06-08 21:23:29,491 [INFO] IPUIPlugin:79 - create IPUIPlugin
2024-06-08 21:23:29,493 [INFO] PluginManager:219 - loadIPPluginJar : add lorawan
2024-06-08 21:23:29,494 [INFO] IPUIPlugin:79 - create IPUIPlugin
2024-06-08 21:23:29,494 [INFO] PluginManager:219 - loadIPPluginJar : add ltdc
2024-06-08 21:23:29,498 [INFO] IPUIPlugin:79 - create IPUIPlugin
2024-06-08 21:23:29,499 [INFO] PluginManager:219 - loadIPPluginJar : add mdma
2024-06-08 21:23:29,504 [INFO] IPUIPlugin:79 - create IPUIPlugin
2024-06-08 21:23:29,504 [INFO] PluginManager:219 - loadIPPluginJar : add nvic
2024-06-08 21:23:29,508 [INFO] IPUIPlugin:79 - create IPUIPlugin
2024-06-08 21:23:29,508 [INFO] PluginManager:219 - loadIPPluginJar : add opamp
2024-06-08 21:23:29,511 [INFO] IPUIPlugin:79 - create IPUIPlugin
2024-06-08 21:23:29,511 [INFO] PluginManager:219 - loadIPPluginJar : add openamp
2024-06-08 21:23:29,513 [INFO] IPUIPlugin:79 - create IPUIPlugin
2024-06-08 21:23:29,513 [INFO] PluginManager:219 - loadIPPluginJar : add pdm2pcm
2024-06-08 21:23:29,518 [INFO] IPUIPlugin:79 - create IPUIPlugin
2024-06-08 21:23:29,521 [INFO] PluginManager:219 - loadIPPluginJar : add plateformsettings
2024-06-08 21:23:29,522 [INFO] IPUIPlugin:79 - create IPUIPlugin
2024-06-08 21:23:29,523 [INFO] PluginManager:219 - loadIPPluginJar : add quadspi
2024-06-08 21:23:29,525 [INFO] IPUIPlugin:79 - create IPUIPlugin
2024-06-08 21:23:29,525 [INFO] PluginManager:219 - loadIPPluginJar : add resmgrutility
2024-06-08 21:23:29,528 [INFO] IPUIPlugin:79 - create IPUIPlugin
2024-06-08 21:23:29,528 [INFO] PluginManager:219 - loadIPPluginJar : add sai
2024-06-08 21:23:29,530 [INFO] IPUIPlugin:79 - create IPUIPlugin
2024-06-08 21:23:29,530 [INFO] PluginManager:219 - loadIPPluginJar : add spi
2024-06-08 21:23:29,534 [INFO] IPUIPlugin:79 - create IPUIPlugin
2024-06-08 21:23:29,534 [INFO] PluginManager:219 - loadIPPluginJar : add stm32_wpan
2024-06-08 21:23:29,536 [INFO] IPUIPlugin:79 - create IPUIPlugin
2024-06-08 21:23:29,536 [INFO] PluginManager:219 - loadIPPluginJar : add tim
2024-06-08 21:23:29,541 [INFO] IPUIPlugin:79 - create IPUIPlugin
2024-06-08 21:23:29,543 [INFO] PluginManager:219 - loadIPPluginJar : add touchsensing
2024-06-08 21:23:29,544 [INFO] IPUIPlugin:79 - create IPUIPlugin
2024-06-08 21:23:29,544 [INFO] PluginManager:219 - loadIPPluginJar : add tracer_emb
2024-06-08 21:23:29,546 [INFO] IPUIPlugin:79 - create IPUIPlugin
2024-06-08 21:23:29,546 [INFO] PluginManager:219 - loadIPPluginJar : add ts
2024-06-08 21:23:29,547 [INFO] IPUIPlugin:79 - create IPUIPlugin
2024-06-08 21:23:29,547 [INFO] PluginManager:219 - loadIPPluginJar : add tsc
2024-06-08 21:23:29,548 [INFO] IPUIPlugin:79 - create IPUIPlugin
2024-06-08 21:23:29,549 [INFO] PluginManager:219 - loadIPPluginJar : add ucpd
2024-06-08 21:23:29,551 [INFO] IPUIPlugin:79 - create IPUIPlugin
2024-06-08 21:23:29,551 [INFO] PluginManager:219 - loadIPPluginJar : add usart
2024-06-08 21:23:29,553 [INFO] IPUIPlugin:79 - create IPUIPlugin
2024-06-08 21:23:29,553 [INFO] PluginManager:219 - loadIPPluginJar : add usbx
2024-06-08 21:23:29,684 [INFO] CADModel:164 - CPN selected for project level
2024-06-08 21:23:29,684 [INFO] CADModel:113 - Register for checkConnection events
2024-06-08 21:23:29,685 [FATAL] Updater:308 - Updater called before beeing initialized
2024-06-08 21:23:29,685 [ERROR] CADModel:124 - Updater not yet initialized, retry later 
2024-06-08 21:23:29,876 [INFO] CADModel:164 - CPN selected for project level
2024-06-08 21:23:29,876 [INFO] CADModel:113 - Register for checkConnection events
2024-06-08 21:23:29,876 [FATAL] Updater:308 - Updater called before beeing initialized
2024-06-08 21:23:29,876 [ERROR] CADModel:124 - Updater not yet initialized, retry later 
2024-06-08 21:23:29,879 [FATAL] Updater:308 - Updater called before beeing initialized
2024-06-08 21:23:30,033 [FATAL] Updater:308 - Updater called before beeing initialized
2024-06-08 21:23:30,041 [INFO] DbMcusAds:52 - JSON generation date=Thu Sep 30 15:55:09 JST 2021 (1632984909247)
2024-06-08 21:23:30,041 [FATAL] Updater:308 - Updater called before beeing initialized
2024-06-08 21:23:30,079 [WARN] DetailPanel:344 - Failed to get advertising image, set to default
2024-06-08 21:23:30,191 [FATAL] Updater:308 - Updater called before beeing initialized
2024-06-08 21:23:30,193 [FATAL] Updater:308 - Updater called before beeing initialized
2024-06-08 21:23:30,193 [FATAL] Updater:308 - Updater called before beeing initialized
2024-06-08 21:23:30,194 [WARN] DetailPanel:344 - Failed to get advertising image, set to default
2024-06-08 21:23:30,194 [FATAL] Updater:308 - Updater called before beeing initialized
2024-06-08 21:23:30,248 [ERROR] Updater:1120 - MainUpdater not yet initialized. External WinMGr cannot be set.
2024-06-08 21:23:30,250 [INFO] Updater:1056 - Updater Version found : 6.7.0
2024-06-08 21:23:30,268 [INFO] ApplicationProperties:181 - Using Application install path: C:\ST\STM32CubeIDE_1.11.2\STM32CubeIDE\plugins\com.st.stm32cube.common.mx_6.7.0.202301130839
2024-06-08 21:23:30,317 [INFO] MainUpdater:518 - Copy updater definitions from MX database
2024-06-08 21:23:30,348 [INFO] MainUpdater:551 - Copy flag file definitions from MX database
2024-06-08 21:23:30,350 [INFO] MainUpdater:567 - Copy thirdparty index definitions from MX database
2024-06-08 21:23:30,352 [INFO] MainUpdater:586 - Copy default thirdparty db definitions from MX database
2024-06-08 21:23:30,697 [INFO] MainUpdater:2800 - connection check result : 10
2024-06-08 21:23:30,698 [INFO] MainUpdater:3494 - Updater definition file requires update
2024-06-08 21:23:30,699 [INFO] MainUpdater:282 - Updater Check For Update Now.
2024-06-08 21:23:30,702 [INFO] MicroXplorer:481 - Change Database Version : DB.6.0.70
2024-06-08 21:23:30,749 [INFO] ServerAccessManage:474 - Download File updaters.zip
2024-06-08 21:23:30,823 [INFO] FileExtend:239 - Unzip File : updaters.zip
2024-06-08 21:23:30,838 [INFO] FileExtend:254 - Standard Zip Deflate
2024-06-08 21:23:31,507 [INFO] ServerAccessManage:474 - Download File PacksControlFlags.xml
2024-06-08 21:23:31,604 [INFO] ServerAccessManage:474 - Download File cubemx.pidx
2024-06-08 21:23:31,733 [INFO] ServerAccessManage:474 - Download File STMicroelectronics.FP-ATR-ASTRA1.pdsc
2024-06-08 21:23:31,919 [WARN] MainUpdater:1186 - Updater busy. Cannot search thirdparties
2024-06-08 21:23:31,919 [INFO] ThirdPartyUpdaterWithRetryManager:96 - Updater plugin is busy. [1/15]
2024-06-08 21:23:31,979 [INFO] ServerAccessManage:474 - Download File STMicroelectronics.FP-ATR-SIGFOX1.pdsc
2024-06-08 21:23:34,747 [INFO] ServerAccessManage:474 - Download File STMicroelectronics.FP-SNS-FLIGHT1.pdsc
2024-06-08 21:23:34,928 [WARN] MainUpdater:1186 - Updater busy. Cannot search thirdparties
2024-06-08 21:23:34,928 [INFO] ThirdPartyUpdaterWithRetryManager:96 - Updater plugin is busy. [2/15]
2024-06-08 21:23:36,679 [INFO] ServerAccessManage:474 - Download File STMicroelectronics.FP-SNS-MOTENV1.pdsc
2024-06-08 21:23:37,038 [INFO] ServerAccessManage:474 - Download File STMicroelectronics.FP-SNS-MOTENVWB1.pdsc
2024-06-08 21:23:37,216 [INFO] ServerAccessManage:474 - Download File STMicroelectronics.FP-SNS-SMARTAG2.pdsc
2024-06-08 21:23:37,397 [INFO] ServerAccessManage:474 - Download File STMicroelectronics.X-CUBE-AI.pdsc
2024-06-08 21:23:37,493 [ERROR] LogOutputStream:74 - [STDERR_REDIRECT] SLF4J: Failed to load class "org.slf4j.impl.StaticLoggerBinder".
2024-06-08 21:23:37,494 [ERROR] LogOutputStream:74 - [STDERR_REDIRECT] SLF4J: Defaulting to no-operation (NOP) logger implementation
2024-06-08 21:23:37,497 [ERROR] LogOutputStream:74 - [STDERR_REDIRECT] SLF4J: See http://www.slf4j.org/codes.html#StaticLoggerBinder for further details.
2024-06-08 21:23:37,929 [WARN] MainUpdater:1186 - Updater busy. Cannot search thirdparties
2024-06-08 21:23:37,929 [INFO] ThirdPartyUpdaterWithRetryManager:96 - Updater plugin is busy. [3/15]
2024-06-08 21:23:38,347 [INFO] ServerAccessManage:474 - Download File STMicroelectronics.X-CUBE-ALS.pdsc
2024-06-08 21:23:38,672 [INFO] ServerAccessManage:474 - Download File STMicroelectronics.X-CUBE-BLE1.pdsc
2024-06-08 21:23:40,574 [ERROR] ServerAccessManage:1090 - Problem, file not found on Server
2024-06-08 21:23:40,675 [INFO] ServerAccessManage:474 - Download File STMicroelectronics.X-CUBE-BLE2.pdsc
2024-06-08 21:23:40,930 [WARN] MainUpdater:1186 - Updater busy. Cannot search thirdparties
2024-06-08 21:23:40,930 [INFO] ThirdPartyUpdaterWithRetryManager:96 - Updater plugin is busy. [4/15]
2024-06-08 21:23:41,144 [INFO] ServerAccessManage:474 - Download File STMicroelectronics.X-CUBE-BLEMGR.pdsc
2024-06-08 21:23:41,610 [INFO] ServerAccessManage:474 - Download File STMicroelectronics.X-CUBE-DISPLAY.pdsc
2024-06-08 21:23:42,107 [INFO] ServerAccessManage:474 - Download File STMicroelectronics.X-CUBE-EEPRMA1.pdsc
2024-06-08 21:23:43,201 [ERROR] ServerAccessManage:1090 - Problem, file not found on Server
2024-06-08 21:23:43,931 [WARN] MainUpdater:1186 - Updater busy. Cannot search thirdparties
2024-06-08 21:23:43,931 [INFO] ThirdPartyUpdaterWithRetryManager:96 - Updater plugin is busy. [5/15]
2024-06-08 21:23:44,170 [ERROR] ServerAccessManage:1090 - Problem, file not found on Server
2024-06-08 21:23:44,360 [INFO] ServerAccessManage:474 - Download File STMicroelectronics.X-CUBE-FREERTOS.pdsc
2024-06-08 21:23:44,611 [INFO] ServerAccessManage:474 - Download File STMicroelectronics.X-CUBE-GNSS1.pdsc
2024-06-08 21:23:46,360 [ERROR] ServerAccessManage:1090 - Problem, file not found on Server
2024-06-08 21:23:46,939 [WARN] MainUpdater:1186 - Updater busy. Cannot search thirdparties
2024-06-08 21:23:46,939 [INFO] ThirdPartyUpdaterWithRetryManager:96 - Updater plugin is busy. [6/15]
2024-06-08 21:23:47,287 [ERROR] ServerAccessManage:1090 - Problem, file not found on Server
2024-06-08 21:23:48,226 [ERROR] ServerAccessManage:1090 - Problem, file not found on Server
2024-06-08 21:23:49,225 [ERROR] ServerAccessManage:1090 - Problem, file not found on Server
2024-06-08 21:23:49,943 [WARN] MainUpdater:1186 - Updater busy. Cannot search thirdparties
2024-06-08 21:23:49,943 [INFO] ThirdPartyUpdaterWithRetryManager:96 - Updater plugin is busy. [7/15]
2024-06-08 21:23:50,234 [ERROR] ServerAccessManage:1090 - Problem, file not found on Server
2024-06-08 21:23:51,053 [INFO] MainUpdater:2800 - connection check result : 10
2024-06-08 21:23:51,110 [ERROR] ServerAccessManage:1090 - Problem, file not found on Server
2024-06-08 21:23:51,146 [INFO] ServerAccessManage:474 - Download File STMicroelectronics.X-CUBE-ISPU.pdsc
2024-06-08 21:23:51,405 [INFO] ServerAccessManage:474 - Download File STMicroelectronics.X-CUBE-MEMS1.pdsc
2024-06-08 21:23:52,705 [INFO] ServerAccessManage:474 - Download File STMicroelectronics.X-CUBE-NFC4.pdsc
2024-06-08 21:23:52,945 [WARN] MainUpdater:1186 - Updater busy. Cannot search thirdparties
2024-06-08 21:23:52,945 [INFO] ThirdPartyUpdaterWithRetryManager:96 - Updater plugin is busy. [8/15]
2024-06-08 21:23:53,553 [INFO] ServerAccessManage:474 - Download File STMicroelectronics.X-CUBE-NFC6.pdsc
2024-06-08 21:23:53,674 [INFO] ServerAccessManage:474 - Download File STMicroelectronics.X-CUBE-NFC7.pdsc
2024-06-08 21:23:53,878 [INFO] ServerAccessManage:474 - Download File STMicroelectronics.X-CUBE-SFXS2LP1.pdsc
2024-06-08 21:23:54,156 [INFO] ServerAccessManage:474 - Download File STMicroelectronics.X-CUBE-SAFEA1.pdsc
2024-06-08 21:23:54,294 [INFO] ServerAccessManage:474 - Download File STMicroelectronics.X-CUBE-SUBG2.pdsc
2024-06-08 21:23:54,765 [INFO] ServerAccessManage:474 - Download File STMicroelectronics.X-CUBE-SMBUS.pdsc
2024-06-08 21:23:55,815 [ERROR] ServerAccessManage:1090 - Problem, file not found on Server
2024-06-08 21:23:55,856 [INFO] ServerAccessManage:474 - Download File STMicroelectronics.X-CUBE-TCPP.pdsc
2024-06-08 21:23:55,957 [WARN] MainUpdater:1186 - Updater busy. Cannot search thirdparties
2024-06-08 21:23:55,957 [INFO] ThirdPartyUpdaterWithRetryManager:96 - Updater plugin is busy. [9/15]
2024-06-08 21:23:55,979 [INFO] ServerAccessManage:474 - Download File STMicroelectronics.X-CUBE-TOF1.pdsc
2024-06-08 21:23:57,385 [ERROR] ServerAccessManage:1090 - Problem, file not found on Server
2024-06-08 21:23:57,443 [INFO] ServerAccessManage:474 - Download File STMicroelectronics.X-CUBE-TOUCHGFX.pdsc
2024-06-08 21:23:58,972 [WARN] MainUpdater:1186 - Updater busy. Cannot search thirdparties
2024-06-08 21:23:58,972 [INFO] ThirdPartyUpdaterWithRetryManager:96 - Updater plugin is busy. [10/15]
2024-06-08 21:23:59,013 [INFO] ServerAccessManage:474 - Download File STMicroelectronics.X-CUBE-ALGOBUILD.pdsc
2024-06-08 21:23:59,309 [INFO] ServerAccessManage:474 - Download File STMicroelectronics.X-CUBE-AZRTOS-H7.pdsc
2024-06-08 21:23:59,729 [INFO] ServerAccessManage:474 - Download File STMicroelectronics.X-CUBE-AZRTOS-H7RS.pdsc
2024-06-08 21:23:59,838 [INFO] ServerAccessManage:474 - Download File STMicroelectronics.X-CUBE-AZRTOS-F4.pdsc
2024-06-08 21:24:00,277 [INFO] ServerAccessManage:474 - Download File STMicroelectronics.X-CUBE-AZRTOS-F7.pdsc
2024-06-08 21:24:00,515 [INFO] ServerAccessManage:474 - Download File STMicroelectronics.X-CUBE-AZRTOS-L4.pdsc
2024-06-08 21:24:00,733 [INFO] ServerAccessManage:474 - Download File STMicroelectronics.X-CUBE-AZRTOS-L5.pdsc
2024-06-08 21:24:01,001 [INFO] ServerAccessManage:474 - Download File STMicroelectronics.X-CUBE-AZRTOS-G0.pdsc
2024-06-08 21:24:01,169 [INFO] ServerAccessManage:474 - Download File STMicroelectronics.X-CUBE-AZRTOS-G4.pdsc
2024-06-08 21:24:01,299 [INFO] ServerAccessManage:474 - Download File STMicroelectronics.X-CUBE-AZRTOS-WB.pdsc
2024-06-08 21:24:01,451 [INFO] ServerAccessManage:474 - Download File STMicroelectronics.X-CUBE-AZRTOS-WL.pdsc
2024-06-08 21:24:01,975 [WARN] MainUpdater:1186 - Updater busy. Cannot search thirdparties
2024-06-08 21:24:01,975 [INFO] ThirdPartyUpdaterWithRetryManager:96 - Updater plugin is busy. [11/15]
2024-06-08 21:24:04,001 [INFO] ServerAccessManage:474 - Download File wolfSSL.I-CUBE-wolfSSL.pdsc
2024-06-08 21:24:04,981 [WARN] MainUpdater:1186 - Updater busy. Cannot search thirdparties
2024-06-08 21:24:04,981 [INFO] ThirdPartyUpdaterWithRetryManager:96 - Updater plugin is busy. [12/15]
2024-06-08 21:24:07,992 [WARN] MainUpdater:1186 - Updater busy. Cannot search thirdparties
2024-06-08 21:24:07,992 [INFO] ThirdPartyUpdaterWithRetryManager:96 - Updater plugin is busy. [13/15]
2024-06-08 21:24:08,126 [ERROR] ServerAccessManage:1090 - Problem, file not found on Server
2024-06-08 21:24:08,528 [ERROR] ServerAccessManage:1090 - Problem, file not found on Server
2024-06-08 21:24:08,917 [ERROR] ServerAccessManage:1090 - Problem, file not found on Server
2024-06-08 21:24:09,109 [INFO] ServerAccessManage:474 - Download File wolfSSL.I-CUBE-wolfMQTT.pdsc
2024-06-08 21:24:10,125 [ERROR] ServerAccessManage:1090 - Problem, file not found on Server
2024-06-08 21:24:10,996 [WARN] MainUpdater:1186 - Updater busy. Cannot search thirdparties
2024-06-08 21:24:10,996 [INFO] ThirdPartyUpdaterWithRetryManager:96 - Updater plugin is busy. [14/15]
2024-06-08 21:24:11,580 [INFO] ServerAccessManage:474 - Download File SEGGER.I-CUBE-embOS.pdsc
2024-06-08 21:24:11,823 [INFO] ApiDb:580 - Connected to CubeFinder SQLite database (C:\Users\under\.stmcufinder\plugins\mcufinder\mcu\cube-finder-db.db)
2024-06-08 21:24:11,893 [INFO] ApiDb:667 - CubeFinder database Data Model version=2.1
2024-06-08 21:24:11,893 [INFO] ApiDb:668 - CubeFinder database Configuration version=3.0.35
2024-06-08 21:24:11,893 [INFO] ApiDb:669 - CubeFinder database generation date=2023-01-11 (1673424164)
2024-06-08 21:24:11,894 [INFO] ApiDb:670 - CubeFinder database FW Pack versions=[FP-ATR-ASTRA1_V1.1.1, STM32Cube_FW_C0_V1.0.0, STM32Cube_FW_F4_V1.27.1, STM32Cube_FW_F7_V1.17.0, STM32Cube_FW_G0_V1.6.1, STM32Cube_FW_G4_V1.5.0, STM32Cube_FW_H5_V0.5.1, STM32Cube_FW_H7_V1.11.0, STM32Cube_FW_L5_V1.5.0, STM32Cube_FW_U5_V1.1.1, STM32Cube_FW_WBA_V0.2.0, STM32Cube_FW_WB_V1.15.0, STM32Cube_FW_WB_V1.15.0RC1, STM32Cube_FW_WL_V1.3.0, X-CUBE-ALGOBUILD_V1.3.0, X-CUBE-ALS_V1.0.1, X-CUBE-AZRTOS-F4_V1.1.0, X-CUBE-AZRTOS-F7_V1.1.0, X-CUBE-AZRTOS-G0_V1.1.0, X-CUBE-AZRTOS-G4_V1.0.0, X-CUBE-AZRTOS-H7_V2.1.0, X-CUBE-AZRTOS-L4_V1.0.0, X-CUBE-AZRTOS-L5_V1.0.0, X-CUBE-AZRTOS-WL_V1.0.0, X-CUBE-BLE1_V6.2.4, X-CUBE-BLE2_V3.3.0, X-CUBE-BLEMGR_V1.3.0, X-CUBE-EEPRMA1_V4.1.0, X-CUBE-GNSS1_V6.0.0, X-CUBE-MEMS1_V9.1.0, X-CUBE-MEMS1_V9.3.0, X-CUBE-MEMS1_V9.4.0, X-CUBE-NFC4_V3.0.0, X-CUBE-NFC7_V1.0.0, X-CUBE-SFXS2LP1_V4.0.0, X-CUBE-SUBG2_V5.0.0]
2024-06-08 21:24:13,716 [INFO] ApiDb:239 - Found 143 in-development CPN: [B-WB1M-WPAN1, B-WL5M-SUBG1, NUCLEO-C031C6, STEVAL-PROTEUS1, STEVAL-STWINBX1, STM320518-EVAL, STM32C0116-DK, STM32C011D6Y3TR, STM32C011D6Y6TR, STM32C011F4P3, STM32C011F4P6, STM32C011F4U3, STM32C011F4U6TR, STM32C011F6P3, STM32C011F6P6, STM32C011F6U3, STM32C011F6U6TR, STM32C011J4M3, STM32C011J4M6, STM32C011J6M3, STM32C011J6M6, STM32C0316-DK, STM32C031C4T3, STM32C031C4T6, STM32C031C4U3, STM32C031C4U6, STM32C031C6T3, STM32C031C6T6, STM32C031C6U3, STM32C031C6U6, STM32C031F4P3, STM32C031F4P6, STM32C031F6P3, STM32C031F6P6, STM32C031G4U3, STM32C031G4U6, STM32C031G6U3, STM32C031G6U6, STM32C031K4T3, STM32C031K4T6, STM32C031K4U3, STM32C031K4U6, STM32C031K6T3, STM32C031K6T6, STM32C031K6U3, STM32C031K6U6, STM32G071K8TXN, STM32G071K8UXN, STM32G081GBU6N, STM32G081KBT6N, STM32G081KBUXN, STM32G0B1CCT6N, STM32G0B1KCT6, STM32G0B1NEY6TR, STM32G0B1RCT6N, STM32G0C1CCT6, STM32G0C1CCT6N, STM32G0C1CCU6N, STM32G0C1CET6N, STM32G0C1CEU6N, STM32G0C1KCT6, STM32G0C1NEY6TR, STM32G0C1RCI6N, STM32G0C1RCT6N, STM32G0C1REI6N, STM32G0C1RET6N, STM32G0C1VCI6, STM32G0C1VEI6, STM32G471CCT6, STM32G471CCU6, STM32G471CET3, STM32G471CET6, STM32G471CEU3, STM32G471CEU6, STM32G471MCT6, STM32G471MET3, STM32G471MET6, STM32G471MEY6TR, STM32G471QCT6, STM32G471QET3, STM32G471RCT6, STM32G471RET3, STM32G471RET6, STM32G471VCH6, STM32G471VCI6, STM32G471VCT6, STM32G471VEH3, STM32G471VEH6, STM32G471VEI3, STM32G471VEI6, STM32G471VET3, STM32G471VET6, STM32G474CCT6, STM32L476VGY6PTR, STM32L4R5QGI6STR, STM32MP131AAE3, STM32MP131AAF3, STM32MP131AAG3, STM32MP131CAE3, STM32MP131CAF3, STM32MP131CAG3, STM32MP131DAE7, STM32MP131DAF7, STM32MP131DAG7, STM32MP131FAE7, STM32MP131FAF7, STM32MP131FAG7, STM32MP133AAE3, STM32MP133AAF3, STM32MP133AAG3, STM32MP133CAE3, STM32MP133CAF3, STM32MP133CAG3, STM32MP133DAE7, STM32MP133DAF7, STM32MP133DAG7, STM32MP133FAE7, STM32MP133FAF7, STM32MP133FAG7, STM32MP135AAE3, STM32MP135AAF3, STM32MP135AAG3, STM32MP135CAE3, STM32MP135CAF3, STM32MP135CAG3, STM32MP135DAE7, STM32MP135DAF7, STM32MP135DAG7, STM32MP135F-DK, STM32MP135FAE7, STM32MP135FAF7, STM32MP135FAF7T, STM32MP135FAF7U, STM32MP135FAG7, STM32U595ZJT6Q, STM32U599BJY6QTR, STM32U599NIH6Q, STM32U599NJH6Q, STM32U5A5ZJT6Q, STM32U5A9BJY6QTR, STM32U5A9NJH6Q, STM32WB1MMCH6, STM32WL5MOCH6TR]
2024-06-08 21:24:13,721 [INFO] DbMcus:215 - Found 3582 MCUs, 3582 are supported
2024-06-08 21:24:13,721 [INFO] ApiDb:413 - User favorites file not found: C:\Users\under/.stm32cubeide/favorites.mcus.txt
2024-06-08 21:24:13,721 [INFO] DbMcus:221 - Set 0 / 0 favorites MCUs
2024-06-08 21:24:13,998 [WARN] MainUpdater:1186 - Updater busy. Cannot search thirdparties
2024-06-08 21:24:13,998 [INFO] ThirdPartyUpdaterWithRetryManager:96 - Updater plugin is busy. [15/15]
2024-06-08 21:24:13,998 [ERROR] IntegrityCheckThread:128 - Cannot retrieve database content from updater: error -1
2024-06-08 21:24:13,999 [INFO] ThirdParty:947 - Integrity check success = false
2024-06-08 21:24:13,999 [INFO] IntegrityCheckThread:98 - exiting critical section [integrity check]
2024-06-08 21:24:13,999 [INFO] IntegrityCheckThread:101 - End integrity checks thread
2024-06-08 21:24:14,003 [INFO] McuFinderGlobals:65 - Set McuFinderConnectedMode to true
2024-06-08 21:24:14,012 [INFO] MultiScanPanel:196 - Auto-refresh data requested => check proxy status ongoing
2024-06-08 21:24:14,014 [INFO] FinderPluginLoader:92 - Searching for filters in installed packs
2024-06-08 21:24:15,202 [INFO] ServerAccessManage:474 - Download File portGmbH.I-Cube-SoM-uGOAL.pdsc
2024-06-08 21:24:15,343 [ERROR] WebUtils:385 - Updater is busy
2024-06-08 21:24:15,343 [WARN] DetailPanel:344 - Failed to get advertising image, set to default
2024-06-08 21:24:15,951 [INFO] ApiDb:667 - CubeFinder database Data Model version=2.1
2024-06-08 21:24:15,951 [INFO] ApiDb:668 - CubeFinder database Configuration version=3.0.35
2024-06-08 21:24:15,951 [INFO] ApiDb:669 - CubeFinder database generation date=2023-01-11 (1673424164)
2024-06-08 21:24:15,951 [INFO] ApiDb:670 - CubeFinder database FW Pack versions=[FP-ATR-ASTRA1_V1.1.1, STM32Cube_FW_C0_V1.0.0, STM32Cube_FW_F4_V1.27.1, STM32Cube_FW_F7_V1.17.0, STM32Cube_FW_G0_V1.6.1, STM32Cube_FW_G4_V1.5.0, STM32Cube_FW_H5_V0.5.1, STM32Cube_FW_H7_V1.11.0, STM32Cube_FW_L5_V1.5.0, STM32Cube_FW_U5_V1.1.1, STM32Cube_FW_WBA_V0.2.0, STM32Cube_FW_WB_V1.15.0, STM32Cube_FW_WB_V1.15.0RC1, STM32Cube_FW_WL_V1.3.0, X-CUBE-ALGOBUILD_V1.3.0, X-CUBE-ALS_V1.0.1, X-CUBE-AZRTOS-F4_V1.1.0, X-CUBE-AZRTOS-F7_V1.1.0, X-CUBE-AZRTOS-G0_V1.1.0, X-CUBE-AZRTOS-G4_V1.0.0, X-CUBE-AZRTOS-H7_V2.1.0, X-CUBE-AZRTOS-L4_V1.0.0, X-CUBE-AZRTOS-L5_V1.0.0, X-CUBE-AZRTOS-WL_V1.0.0, X-CUBE-BLE1_V6.2.4, X-CUBE-BLE2_V3.3.0, X-CUBE-BLEMGR_V1.3.0, X-CUBE-EEPRMA1_V4.1.0, X-CUBE-GNSS1_V6.0.0, X-CUBE-MEMS1_V9.1.0, X-CUBE-MEMS1_V9.3.0, X-CUBE-MEMS1_V9.4.0, X-CUBE-NFC4_V3.0.0, X-CUBE-NFC7_V1.0.0, X-CUBE-SFXS2LP1_V4.0.0, X-CUBE-SUBG2_V5.0.0]
2024-06-08 21:24:16,008 [INFO] DbBoardsSqlite:225 - include board P-NUCLEO-WB55-NUCLEO as a kit item of type 'Nucleo-64'
2024-06-08 21:24:16,008 [INFO] DbBoardsSqlite:225 - include board P-NUCLEO-WB55-USBDONGLE as a kit item of type 'Nucleo USB Dongle'
2024-06-08 21:24:16,008 [INFO] DbBoardsSqlite:225 - include board STEVAL-IDP005V1 as a kit item of type 'Evaluation Board'
2024-06-08 21:24:16,009 [INFO] DbBoardsSqlite:225 - include board STEVAL-IDP005V2 as a kit item of type 'Evaluation Board'
2024-06-08 21:24:16,050 [INFO] ApiDb:239 - Found 143 in-development CPN: [B-WB1M-WPAN1, B-WL5M-SUBG1, NUCLEO-C031C6, STEVAL-PROTEUS1, STEVAL-STWINBX1, STM320518-EVAL, STM32C0116-DK, STM32C011D6Y3TR, STM32C011D6Y6TR, STM32C011F4P3, STM32C011F4P6, STM32C011F4U3, STM32C011F4U6TR, STM32C011F6P3, STM32C011F6P6, STM32C011F6U3, STM32C011F6U6TR, STM32C011J4M3, STM32C011J4M6, STM32C011J6M3, STM32C011J6M6, STM32C0316-DK, STM32C031C4T3, STM32C031C4T6, STM32C031C4U3, STM32C031C4U6, STM32C031C6T3, STM32C031C6T6, STM32C031C6U3, STM32C031C6U6, STM32C031F4P3, STM32C031F4P6, STM32C031F6P3, STM32C031F6P6, STM32C031G4U3, STM32C031G4U6, STM32C031G6U3, STM32C031G6U6, STM32C031K4T3, STM32C031K4T6, STM32C031K4U3, STM32C031K4U6, STM32C031K6T3, STM32C031K6T6, STM32C031K6U3, STM32C031K6U6, STM32G071K8TXN, STM32G071K8UXN, STM32G081GBU6N, STM32G081KBT6N, STM32G081KBUXN, STM32G0B1CCT6N, STM32G0B1KCT6, STM32G0B1NEY6TR, STM32G0B1RCT6N, STM32G0C1CCT6, STM32G0C1CCT6N, STM32G0C1CCU6N, STM32G0C1CET6N, STM32G0C1CEU6N, STM32G0C1KCT6, STM32G0C1NEY6TR, STM32G0C1RCI6N, STM32G0C1RCT6N, STM32G0C1REI6N, STM32G0C1RET6N, STM32G0C1VCI6, STM32G0C1VEI6, STM32G471CCT6, STM32G471CCU6, STM32G471CET3, STM32G471CET6, STM32G471CEU3, STM32G471CEU6, STM32G471MCT6, STM32G471MET3, STM32G471MET6, STM32G471MEY6TR, STM32G471QCT6, STM32G471QET3, STM32G471RCT6, STM32G471RET3, STM32G471RET6, STM32G471VCH6, STM32G471VCI6, STM32G471VCT6, STM32G471VEH3, STM32G471VEH6, STM32G471VEI3, STM32G471VEI6, STM32G471VET3, STM32G471VET6, STM32G474CCT6, STM32L476VGY6PTR, STM32L4R5QGI6STR, STM32MP131AAE3, STM32MP131AAF3, STM32MP131AAG3, STM32MP131CAE3, STM32MP131CAF3, STM32MP131CAG3, STM32MP131DAE7, STM32MP131DAF7, STM32MP131DAG7, STM32MP131FAE7, STM32MP131FAF7, STM32MP131FAG7, STM32MP133AAE3, STM32MP133AAF3, STM32MP133AAG3, STM32MP133CAE3, STM32MP133CAF3, STM32MP133CAG3, STM32MP133DAE7, STM32MP133DAF7, STM32MP133DAG7, STM32MP133FAE7, STM32MP133FAF7, STM32MP133FAG7, STM32MP135AAE3, STM32MP135AAF3, STM32MP135AAG3, STM32MP135CAE3, STM32MP135CAF3, STM32MP135CAG3, STM32MP135DAE7, STM32MP135DAF7, STM32MP135DAG7, STM32MP135F-DK, STM32MP135FAE7, STM32MP135FAF7, STM32MP135FAF7T, STM32MP135FAF7U, STM32MP135FAG7, STM32U595ZJT6Q, STM32U599BJY6QTR, STM32U599NIH6Q, STM32U599NJH6Q, STM32U5A5ZJT6Q, STM32U5A9BJY6QTR, STM32U5A9NJH6Q, STM32WB1MMCH6, STM32WL5MOCH6TR]
2024-06-08 21:24:16,181 [INFO] BoardInfo:879 - No configuration file found for board P-NUCLEO-WB55
2024-06-08 21:24:16,181 [INFO] DbBoards:156 - Kit is not supported: P-NUCLEO-WB55
2024-06-08 21:24:16,190 [INFO] BoardInfo:879 - No configuration file found for board STEVAL-BFA001V1B
2024-06-08 21:24:16,190 [INFO] DbBoards:156 - Kit is not supported: STEVAL-BFA001V1B
2024-06-08 21:24:16,192 [INFO] BoardInfo:879 - No configuration file found for board STEVAL-BFA001V2B
2024-06-08 21:24:16,192 [INFO] DbBoards:156 - Kit is not supported: STEVAL-BFA001V2B
2024-06-08 21:24:16,364 [INFO] DbBoards:160 - Found 179 boards, 176 are supported
2024-06-08 21:24:16,369 [INFO] ApiDb:413 - User favorites file not found: C:\Users\under/.stm32cubeide/favorites.boards.txt
2024-06-08 21:24:16,369 [INFO] DbBoards:189 - Set 0 / 0 favorites Boards
2024-06-08 21:24:17,851 [ERROR] ServerAccessManage:1090 - Problem, file not found on Server
2024-06-08 21:24:18,109 [ERROR] ServerAccessManage:1090 - Problem, file not found on Server
2024-06-08 21:24:18,371 [ERROR] ServerAccessManage:1090 - Problem, file not found on Server
2024-06-08 21:24:20,125 [INFO] ServerAccessManage:474 - Download File emotas.I-CUBE-CANOPEN.pdsc
2024-06-08 21:24:21,919 [INFO] ServerAccessManage:474 - Download File WES.I-CUBE-Cesium.pdsc
2024-06-08 21:24:22,509 [ERROR] ServerAccessManage:1090 - Problem, file not found on Server
2024-06-08 21:24:22,794 [ERROR] ServerAccessManage:1090 - Problem, file not found on Server
2024-06-08 21:24:23,565 [INFO] ServerAccessManage:474 - Download File ITTIA_DB.I-CUBE-ITTIADB.pdsc
2024-06-08 21:24:26,929 [INFO] ServerAccessManage:474 - Download File Infineon.AIROC-Wi-Fi-Bluetooth-STM32.pdsc
2024-06-08 21:24:29,944 [INFO] ServerAccessManage:474 - Download File Cesanta.I-CUBE-Mongoose.pdsc
2024-06-08 21:24:32,275 [WARN] CheckServerUpdateThread:150 - Open CheckUpdateFile Fail
2024-06-08 21:24:32,290 [WARN] PackLoader:242 - Cannot read IP mode file for STMicroelectronics.FP-ATR-ASTRA1.2.0.0
2024-06-08 21:24:32,301 [WARN] PackLoader:242 - Cannot read IP mode file for STMicroelectronics.FP-ATR-SIGFOX1.3.2.0
2024-06-08 21:24:32,307 [WARN] PackLoader:242 - Cannot read IP mode file for STMicroelectronics.FP-SNS-FLIGHT1.5.0.2
2024-06-08 21:24:32,323 [WARN] PackLoader:242 - Cannot read IP mode file for STMicroelectronics.FP-SNS-MOTENV1.5.0.0
2024-06-08 21:24:32,328 [WARN] PackLoader:242 - Cannot read IP mode file for STMicroelectronics.FP-SNS-MOTENVWB1.1.4.0
2024-06-08 21:24:32,333 [WARN] PackLoader:242 - Cannot read IP mode file for STMicroelectronics.FP-SNS-SMARTAG2.1.2.0
2024-06-08 21:24:32,337 [WARN] PackLoader:242 - Cannot read IP mode file for STMicroelectronics.X-CUBE-AI.9.0.0
2024-06-08 21:24:32,344 [WARN] PackLoader:242 - Cannot read IP mode file for STMicroelectronics.X-CUBE-ALS.1.0.2
2024-06-08 21:24:32,351 [WARN] PackLoader:242 - Cannot read IP mode file for STMicroelectronics.X-CUBE-BLE1.7.0.0
2024-06-08 21:24:32,356 [WARN] PackLoader:242 - Cannot read IP mode file for STMicroelectronics.X-CUBE-BLE2.3.3.0
2024-06-08 21:24:32,366 [WARN] PackLoader:242 - Cannot read IP mode file for STMicroelectronics.X-CUBE-BLEMGR.3.1.0
2024-06-08 21:24:32,377 [WARN] PackLoader:242 - Cannot read IP mode file for STMicroelectronics.X-CUBE-DISPLAY.3.0.0
2024-06-08 21:24:32,387 [WARN] PackLoader:242 - Cannot read IP mode file for STMicroelectronics.X-CUBE-EEPRMA1.5.1.0
2024-06-08 21:24:32,393 [WARN] PackLoader:242 - Cannot read IP mode file for STMicroelectronics.X-CUBE-FREERTOS.1.2.0
2024-06-08 21:24:32,397 [WARN] PackLoader:242 - Cannot read IP mode file for STMicroelectronics.X-CUBE-GNSS1.6.0.0
2024-06-08 21:24:32,411 [INFO] CheckServerUpdateThread:119 - End of CheckServer Thread
2024-06-08 21:24:32,414 [WARN] PackLoader:242 - Cannot read IP mode file for STMicroelectronics.X-CUBE-ISPU.2.0.0
2024-06-08 21:24:32,467 [WARN] PackLoader:242 - Cannot read IP mode file for STMicroelectronics.X-CUBE-MEMS1.10.0.0
2024-06-08 21:24:32,675 [WARN] PackLoader:242 - Cannot read IP mode file for STMicroelectronics.X-CUBE-NFC4.3.0.0
2024-06-08 21:24:32,686 [WARN] PackLoader:242 - Cannot read IP mode file for STMicroelectronics.X-CUBE-NFC6.3.1.0
2024-06-08 21:24:32,696 [WARN] PackLoader:242 - Cannot read IP mode file for STMicroelectronics.X-CUBE-NFC7.1.0.1
2024-06-08 21:24:32,706 [WARN] PackLoader:242 - Cannot read IP mode file for STMicroelectronics.X-CUBE-SFXS2LP1.4.0.0
2024-06-08 21:24:32,721 [WARN] PackLoader:242 - Cannot read IP mode file for STMicroelectronics.X-CUBE-SAFEA1.1.2.2
2024-06-08 21:24:32,736 [WARN] PackLoader:242 - Cannot read IP mode file for STMicroelectronics.X-CUBE-SUBG2.5.0.0
2024-06-08 21:24:32,749 [WARN] PackLoader:242 - Cannot read IP mode file for STMicroelectronics.X-CUBE-SMBUS.2.1.0
2024-06-08 21:24:32,757 [WARN] PackLoader:242 - Cannot read IP mode file for STMicroelectronics.X-CUBE-TCPP.4.1.0
2024-06-08 21:24:32,781 [WARN] PackLoader:242 - Cannot read IP mode file for STMicroelectronics.X-CUBE-TOF1.3.4.1
2024-06-08 21:24:32,805 [WARN] PackLoader:242 - Cannot read IP mode file for STMicroelectronics.X-CUBE-TOUCHGFX.4.23.2
2024-06-08 21:24:32,814 [WARN] PackLoader:242 - Cannot read IP mode file for STMicroelectronics.X-CUBE-ALGOBUILD.1.4.0
2024-06-08 21:24:32,847 [WARN] PackLoader:242 - Cannot read IP mode file for STMicroelectronics.X-CUBE-AZRTOS-H7.3.2.0
2024-06-08 21:24:32,884 [WARN] PackLoader:242 - Cannot read IP mode file for STMicroelectronics.X-CUBE-AZRTOS-H7RS.1.0.0
2024-06-08 21:24:32,907 [WARN] PackLoader:242 - Cannot read IP mode file for STMicroelectronics.X-CUBE-AZRTOS-F4.1.1.0
2024-06-08 21:24:32,940 [WARN] PackLoader:242 - Cannot read IP mode file for STMicroelectronics.X-CUBE-AZRTOS-F7.1.1.0
2024-06-08 21:24:32,986 [WARN] ConditionMgr:437 - getConditionDescription Invalid condition id : LAN8742 Phy interface Condition cause : null
2024-06-08 21:24:32,988 [WARN] PackLoader:242 - Cannot read IP mode file for STMicroelectronics.X-CUBE-AZRTOS-L4.2.0.0
2024-06-08 21:24:32,989 [WARN] ConditionMgr:1038 - genDependencies : Invalid condition id : LAN8742 Phy interface Condition cause : null
2024-06-08 21:24:32,989 [WARN] ConditionMgr:1038 - genDependencies : Invalid condition id : LAN8742 Phy interface Condition cause : null
2024-06-08 21:24:32,990 [WARN] ConditionMgr:1038 - genDependencies : Invalid condition id : LAN8742 Phy interface Condition cause : null
2024-06-08 21:24:33,014 [WARN] PackLoader:242 - Cannot read IP mode file for STMicroelectronics.X-CUBE-AZRTOS-L5.2.0.0
2024-06-08 21:24:33,037 [WARN] PackLoader:242 - Cannot read IP mode file for STMicroelectronics.X-CUBE-AZRTOS-G0.1.1.0
2024-06-08 21:24:33,061 [WARN] PackLoader:242 - Cannot read IP mode file for STMicroelectronics.X-CUBE-AZRTOS-G4.2.0.0
2024-06-08 21:24:33,081 [WARN] ConditionMgr:437 - getConditionDescription Invalid condition id : UX DEVICE CLASS RTOS Condition cause : null
2024-06-08 21:24:33,081 [WARN] ConditionMgr:437 - getConditionDescription Invalid condition id : UX DEVICE CLASS RTOS Condition cause : null
2024-06-08 21:24:33,084 [WARN] PackLoader:242 - Cannot read IP mode file for STMicroelectronics.X-CUBE-AZRTOS-WB.2.0.0
2024-06-08 21:24:33,085 [WARN] ConditionMgr:1038 - genDependencies : Invalid condition id : UX DEVICE CLASS RTOS Condition cause : null
2024-06-08 21:24:33,085 [WARN] ConditionMgr:1038 - genDependencies : Invalid condition id : UX DEVICE CLASS RTOS Condition cause : null
2024-06-08 21:24:33,086 [WARN] ConditionMgr:1038 - genDependencies : Invalid condition id : UX DEVICE CLASS RTOS Condition cause : null
2024-06-08 21:24:33,091 [WARN] ConditionMgr:1038 - genDependencies : Invalid condition id : UX DEVICE CLASS RTOS Condition cause : null
2024-06-08 21:24:33,091 [WARN] ConditionMgr:1038 - genDependencies : Invalid condition id : UX DEVICE CLASS RTOS Condition cause : null
2024-06-08 21:24:33,100 [INFO] LogOutputStream:76 - [STDOUT_REDIRECT] 1 : Invalid condition id : UX_CORESTACK_Condition cause : null
2024-06-08 21:24:33,101 [INFO] LogOutputStream:76 - [STDOUT_REDIRECT] 1 : Invalid condition id : UX_CORESTACK_Condition cause : null
2024-06-08 21:24:33,102 [INFO] LogOutputStream:76 - [STDOUT_REDIRECT] 1 : Invalid condition id : UX_CORESTACK_Condition cause : null
2024-06-08 21:24:33,103 [INFO] LogOutputStream:76 - [STDOUT_REDIRECT] 1 : Invalid condition id : UX_CORESTACK_Condition cause : null
2024-06-08 21:24:33,105 [INFO] LogOutputStream:76 - [STDOUT_REDIRECT] 1 : Invalid condition id : UX_CORESTACK_Condition cause : null
2024-06-08 21:24:33,108 [WARN] PackLoader:242 - Cannot read IP mode file for STMicroelectronics.X-CUBE-AZRTOS-WL.2.0.0
2024-06-08 21:24:33,115 [WARN] PackLoader:242 - Cannot read IP mode file for wolfSSL.I-CUBE-wolfSSL.5.7.0
2024-06-08 21:24:33,121 [WARN] PackLoader:242 - Cannot read IP mode file for wolfSSL.I-CUBE-wolfMQTT.1.19.0
2024-06-08 21:24:33,162 [WARN] PackLoader:242 - Cannot read IP mode file for SEGGER.I-CUBE-embOS.1.3.1
2024-06-08 21:24:33,207 [WARN] PackLoader:242 - Cannot read IP mode file for portGmbH.I-Cube-SoM-uGOAL.1.1.0
2024-06-08 21:24:33,213 [WARN] PackLoader:242 - Cannot read IP mode file for emotas.I-CUBE-CANOPEN.1.3.0
2024-06-08 21:24:33,224 [WARN] PackLoader:242 - Cannot read IP mode file for WES.I-CUBE-Cesium.1.3.0
2024-06-08 21:24:33,231 [WARN] PackLoader:242 - Cannot read IP mode file for ITTIA_DB.I-CUBE-ITTIADB.8.9.0
2024-06-08 21:24:33,241 [WARN] PackLoader:242 - Cannot read IP mode file for Infineon.AIROC-Wi-Fi-Bluetooth-STM32.1.6.0
2024-06-08 21:24:33,250 [WARN] PackLoader:242 - Cannot read IP mode file for Cesanta.I-CUBE-Mongoose.7.13.0
2024-06-08 21:24:33,250 [INFO] PopulateThirdPartyThread:64 - Ending populate Thread
2024-06-08 21:24:33,253 [INFO] ThirdParty:999 - CMSIS Pack Vendor :STMicroelectronics X-CUBE-DISPLAY 3.0.0
2024-06-08 21:24:33,253 [INFO] ThirdParty:999 - CMSIS Pack Vendor :STMicroelectronics X-CUBE-GNSS1 6.0.0
2024-06-08 21:24:33,253 [INFO] ThirdParty:999 - CMSIS Pack Vendor :STMicroelectronics FP-SNS-MOTENVWB1 1.4.0
2024-06-08 21:24:33,253 [INFO] ThirdParty:999 - CMSIS Pack Vendor :STMicroelectronics X-CUBE-AZRTOS-F4 1.1.0
2024-06-08 21:24:33,253 [INFO] ThirdParty:999 - CMSIS Pack Vendor :wolfSSL I-CUBE-wolfSSL 5.7.0
2024-06-08 21:24:33,253 [INFO] ThirdParty:999 - CMSIS Pack Vendor :STMicroelectronics FP-ATR-SIGFOX1 3.2.0
2024-06-08 21:24:33,253 [INFO] ThirdParty:999 - CMSIS Pack Vendor :STMicroelectronics X-CUBE-BLE1 7.0.0
2024-06-08 21:24:33,253 [INFO] ThirdParty:999 - CMSIS Pack Vendor :STMicroelectronics X-CUBE-SMBUS 2.1.0
2024-06-08 21:24:33,253 [INFO] ThirdParty:999 - CMSIS Pack Vendor :STMicroelectronics X-CUBE-ISPU 2.0.0
2024-06-08 21:24:33,253 [INFO] ThirdParty:999 - CMSIS Pack Vendor :STMicroelectronics X-CUBE-TCPP 4.1.0
2024-06-08 21:24:33,253 [INFO] ThirdParty:999 - CMSIS Pack Vendor :STMicroelectronics X-CUBE-EEPRMA1 5.1.0
2024-06-08 21:24:33,253 [INFO] ThirdParty:999 - CMSIS Pack Vendor :STMicroelectronics X-CUBE-ALS 1.0.2
2024-06-08 21:24:33,253 [INFO] ThirdParty:999 - CMSIS Pack Vendor :STMicroelectronics X-CUBE-FREERTOS 1.2.0
2024-06-08 21:24:33,253 [INFO] ThirdParty:999 - CMSIS Pack Vendor :STMicroelectronics X-CUBE-AZRTOS-WB 2.0.0
2024-06-08 21:24:33,254 [INFO] ThirdParty:999 - CMSIS Pack Vendor :emotas I-CUBE-CANOPEN 1.3.0
2024-06-08 21:24:33,254 [INFO] ThirdParty:999 - CMSIS Pack Vendor :STMicroelectronics X-CUBE-MEMS1 10.0.0
2024-06-08 21:24:33,254 [INFO] ThirdParty:999 - CMSIS Pack Vendor :STMicroelectronics X-CUBE-NFC7 1.0.1
2024-06-08 21:24:33,254 [INFO] ThirdParty:999 - CMSIS Pack Vendor :ITTIA_DB I-CUBE-ITTIADB 8.9.0
2024-06-08 21:24:33,254 [INFO] ThirdParty:999 - CMSIS Pack Vendor :STMicroelectronics X-CUBE-TOUCHGFX 4.23.2
2024-06-08 21:24:33,254 [INFO] ThirdParty:999 - CMSIS Pack Vendor :STMicroelectronics X-CUBE-AZRTOS-F7 1.1.0
2024-06-08 21:24:33,254 [INFO] ThirdParty:999 - CMSIS Pack Vendor :STMicroelectronics X-CUBE-AZRTOS-L5 2.0.0
2024-06-08 21:24:33,254 [INFO] ThirdParty:999 - CMSIS Pack Vendor :portGmbH I-Cube-SoM-uGOAL 1.1.0
2024-06-08 21:24:33,254 [INFO] ThirdParty:999 - CMSIS Pack Vendor :STMicroelectronics X-CUBE-NFC6 3.1.0
2024-06-08 21:24:33,254 [INFO] ThirdParty:999 - CMSIS Pack Vendor :STMicroelectronics X-CUBE-BLEMGR 3.1.0
2024-06-08 21:24:33,254 [INFO] ThirdParty:999 - CMSIS Pack Vendor :STMicroelectronics FP-SNS-SMARTAG2 1.2.0
2024-06-08 21:24:33,254 [INFO] ThirdParty:999 - CMSIS Pack Vendor :STMicroelectronics X-CUBE-AZRTOS-WL 2.0.0
2024-06-08 21:24:33,254 [INFO] ThirdParty:999 - CMSIS Pack Vendor :SEGGER I-CUBE-embOS 1.3.1
2024-06-08 21:24:33,254 [INFO] ThirdParty:999 - CMSIS Pack Vendor :STMicroelectronics X-CUBE-ALGOBUILD 1.4.0
2024-06-08 21:24:33,254 [INFO] ThirdParty:999 - CMSIS Pack Vendor :STMicroelectronics FP-SNS-MOTENV1 5.0.0
2024-06-08 21:24:33,254 [INFO] ThirdParty:999 - CMSIS Pack Vendor :STMicroelectronics X-CUBE-AZRTOS-G0 1.1.0
2024-06-08 21:24:33,254 [INFO] ThirdParty:999 - CMSIS Pack Vendor :STMicroelectronics X-CUBE-NFC4 3.0.0
2024-06-08 21:24:33,254 [INFO] ThirdParty:999 - CMSIS Pack Vendor :STMicroelectronics X-CUBE-SAFEA1 1.2.2
2024-06-08 21:24:33,255 [INFO] ThirdParty:999 - CMSIS Pack Vendor :STMicroelectronics X-CUBE-SUBG2 5.0.0
2024-06-08 21:24:33,255 [INFO] ThirdParty:999 - CMSIS Pack Vendor :STMicroelectronics X-CUBE-AZRTOS-H7RS 1.0.0
2024-06-08 21:24:33,255 [INFO] ThirdParty:999 - CMSIS Pack Vendor :wolfSSL I-CUBE-wolfMQTT 1.19.0
2024-06-08 21:24:33,255 [INFO] ThirdParty:999 - CMSIS Pack Vendor :STMicroelectronics X-CUBE-AZRTOS-L4 2.0.0
2024-06-08 21:24:33,255 [INFO] ThirdParty:999 - CMSIS Pack Vendor :STMicroelectronics FP-ATR-ASTRA1 2.0.0
2024-06-08 21:24:33,255 [INFO] ThirdParty:999 - CMSIS Pack Vendor :WES I-CUBE-Cesium 1.3.0
2024-06-08 21:24:33,255 [INFO] ThirdParty:999 - CMSIS Pack Vendor :STMicroelectronics X-CUBE-SFXS2LP1 4.0.0
2024-06-08 21:24:33,255 [INFO] ThirdParty:999 - CMSIS Pack Vendor :STMicroelectronics FP-SNS-FLIGHT1 5.0.2
2024-06-08 21:24:33,255 [INFO] ThirdParty:999 - CMSIS Pack Vendor :STMicroelectronics X-CUBE-BLE2 3.3.0
2024-06-08 21:24:33,255 [INFO] ThirdParty:999 - CMSIS Pack Vendor :Cesanta I-CUBE-Mongoose 7.13.0
2024-06-08 21:24:33,255 [INFO] ThirdParty:999 - CMSIS Pack Vendor :STMicroelectronics X-CUBE-AI 9.0.0
2024-06-08 21:24:33,255 [INFO] ThirdParty:999 - CMSIS Pack Vendor :STMicroelectronics X-CUBE-TOF1 3.4.1
2024-06-08 21:24:33,255 [INFO] ThirdParty:999 - CMSIS Pack Vendor :STMicroelectronics X-CUBE-AZRTOS-G4 2.0.0
2024-06-08 21:24:33,255 [INFO] ThirdParty:999 - CMSIS Pack Vendor :STMicroelectronics X-CUBE-AZRTOS-H7 3.2.0
2024-06-08 21:24:33,255 [INFO] ThirdParty:999 - CMSIS Pack Vendor :Infineon AIROC-Wi-Fi-Bluetooth-STM32 1.6.0
2024-06-08 21:24:33,256 [INFO] LoadServerUpdatesThread:367 - End of LoadServerUpdate Thread
2024-06-08 21:26:28,528 [INFO] MainUpdater:2800 - connection check result : 10
2024-06-08 21:26:28,528 [INFO] MainUpdater:2800 - connection check result : 10
2024-06-08 21:26:28,561 [INFO] MicroXplorer:451 - Change Database Path : 
2024-06-08 21:26:28,561 [INFO] MicroXplorer:481 - Change Database Version : DB.6.0.70
2024-06-08 21:26:28,561 [WARN] ThirdParty:845 - waiting for thirdparty lock release [close project]
2024-06-08 21:26:28,562 [INFO] ThirdParty:847 - entering critical section [close project]
2024-06-08 21:26:28,563 [INFO] ThirdParty:857 - exiting critical section [close project]
2024-06-08 21:26:28,574 [INFO] PinOutPanel:1477 - setPackage(No Configuration,No Configuration)
2024-06-08 21:26:28,587 [INFO] UtilMem:74 - Begin LoadConfig() Used Memory: 635849008 Bytes (767557632)
2024-06-08 21:26:28,589 [INFO] MicroXplorer:451 - Change Database Path : 
2024-06-08 21:26:28,589 [INFO] MicroXplorer:481 - Change Database Version : DB.6.0.70
2024-06-08 21:26:28,589 [INFO] OpenFileManager:307 - Change cursor
2024-06-08 21:26:28,624 [WARN] IntegrityCheckThread:82 - waiting for thirdparty lock release [integrity check]
2024-06-08 21:26:28,624 [INFO] IntegrityCheckThread:84 - entering critical section [integrity check]
2024-06-08 21:26:28,812 [WARN] PackLoader:242 - Cannot read IP mode file for STMicroelectronics.FP-SNS-MOTENVWB1.1.4.0
2024-06-08 21:26:28,833 [WARN] PackLoader:242 - Cannot read IP mode file for STMicroelectronics.X-CUBE-SMBUS.2.1.0
2024-06-08 21:26:28,836 [WARN] PackLoader:242 - Cannot read IP mode file for STMicroelectronics.X-CUBE-TOUCHGFX.4.23.2
2024-06-08 21:26:28,853 [WARN] PackLoader:242 - Cannot read IP mode file for STMicroelectronics.X-CUBE-AZRTOS-F7.1.1.0
2024-06-08 21:26:28,859 [WARN] PackLoader:242 - Cannot read IP mode file for STMicroelectronics.FP-SNS-FLIGHT1.5.0.2
2024-06-08 21:26:28,863 [WARN] PackLoader:242 - Cannot read IP mode file for STMicroelectronics.X-CUBE-DISPLAY.3.0.0
2024-06-08 21:26:28,868 [WARN] PackLoader:242 - Cannot read IP mode file for STMicroelectronics.X-CUBE-BLE1.7.0.0
2024-06-08 21:26:28,872 [WARN] PackLoader:242 - Cannot read IP mode file for emotas.I-CUBE-CANOPEN.1.3.0
2024-06-08 21:26:28,879 [WARN] PackLoader:242 - Cannot read IP mode file for STMicroelectronics.X-CUBE-BLEMGR.3.1.0
2024-06-08 21:26:28,883 [WARN] PackLoader:242 - Cannot read IP mode file for STMicroelectronics.FP-SNS-SMARTAG2.1.2.0
2024-06-08 21:26:28,895 [INFO] LogOutputStream:76 - [STDOUT_REDIRECT] 1 : Invalid condition id : UX_CORESTACK_Condition cause : null
2024-06-08 21:26:28,896 [INFO] LogOutputStream:76 - [STDOUT_REDIRECT] 1 : Invalid condition id : UX_CORESTACK_Condition cause : null
2024-06-08 21:26:28,897 [INFO] LogOutputStream:76 - [STDOUT_REDIRECT] 1 : Invalid condition id : UX_CORESTACK_Condition cause : null
2024-06-08 21:26:28,899 [INFO] LogOutputStream:76 - [STDOUT_REDIRECT] 1 : Invalid condition id : UX_CORESTACK_Condition cause : null
2024-06-08 21:26:28,900 [INFO] LogOutputStream:76 - [STDOUT_REDIRECT] 1 : Invalid condition id : UX_CORESTACK_Condition cause : null
2024-06-08 21:26:28,905 [WARN] PackLoader:242 - Cannot read IP mode file for STMicroelectronics.X-CUBE-AZRTOS-WL.2.0.0
2024-06-08 21:26:28,910 [WARN] PackLoader:242 - Cannot read IP mode file for STMicroelectronics.FP-SNS-MOTENV1.5.0.0
2024-06-08 21:26:28,914 [WARN] PackLoader:242 - Cannot read IP mode file for wolfSSL.I-CUBE-wolfMQTT.1.19.0
2024-06-08 21:26:28,919 [WARN] PackLoader:242 - Cannot read IP mode file for WES.I-CUBE-Cesium.1.3.0
2024-06-08 21:26:28,925 [WARN] PackLoader:242 - Cannot read IP mode file for STMicroelectronics.X-CUBE-BLE2.3.3.0
2024-06-08 21:26:28,929 [WARN] PackLoader:242 - Cannot read IP mode file for STMicroelectronics.X-CUBE-TCPP.4.1.0
2024-06-08 21:26:28,952 [WARN] PackLoader:242 - Cannot read IP mode file for STMicroelectronics.X-CUBE-AZRTOS-G0.1.1.0
2024-06-08 21:26:28,958 [WARN] PackLoader:242 - Cannot read IP mode file for STMicroelectronics.X-CUBE-SAFEA1.1.2.2
2024-06-08 21:26:28,965 [WARN] PackLoader:242 - Cannot read IP mode file for STMicroelectronics.X-CUBE-NFC4.3.0.0
2024-06-08 21:26:28,968 [WARN] PackLoader:242 - Cannot read IP mode file for wolfSSL.I-CUBE-wolfSSL.5.7.0
2024-06-08 21:26:28,971 [WARN] PackLoader:242 - Cannot read IP mode file for STMicroelectronics.FP-ATR-SIGFOX1.3.2.0
2024-06-08 21:26:28,976 [WARN] PackLoader:242 - Cannot read IP mode file for STMicroelectronics.X-CUBE-EEPRMA1.5.1.0
2024-06-08 21:26:28,980 [WARN] PackLoader:242 - Cannot read IP mode file for ITTIA_DB.I-CUBE-ITTIADB.8.9.0
2024-06-08 21:26:29,008 [WARN] PackLoader:242 - Cannot read IP mode file for SEGGER.I-CUBE-embOS.1.3.1
2024-06-08 21:26:29,037 [WARN] PackLoader:242 - Cannot read IP mode file for STMicroelectronics.X-CUBE-ALGOBUILD.1.4.0
2024-06-08 21:26:29,041 [WARN] PackLoader:242 - Cannot read IP mode file for STMicroelectronics.X-CUBE-GNSS1.6.0.0
2024-06-08 21:26:29,053 [WARN] PackLoader:242 - Cannot read IP mode file for STMicroelectronics.X-CUBE-AZRTOS-F4.1.1.0
2024-06-08 21:26:29,058 [WARN] PackLoader:242 - Cannot read IP mode file for STMicroelectronics.X-CUBE-FREERTOS.1.2.0
2024-06-08 21:26:29,081 [WARN] PackLoader:242 - Cannot read IP mode file for STMicroelectronics.X-CUBE-AZRTOS-L5.2.0.0
2024-06-08 21:26:29,088 [WARN] PackLoader:242 - Cannot read IP mode file for STMicroelectronics.X-CUBE-NFC6.3.1.0
2024-06-08 21:26:29,091 [WARN] PackLoader:242 - Cannot read IP mode file for STMicroelectronics.X-CUBE-AI.9.0.0
2024-06-08 21:26:29,096 [WARN] PackLoader:242 - Cannot read IP mode file for STMicroelectronics.X-CUBE-NFC7.1.0.1
2024-06-08 21:26:29,111 [WARN] ConditionMgr:437 - getConditionDescription Invalid condition id : LAN8742 Phy interface Condition cause : null
2024-06-08 21:26:29,111 [WARN] PackLoader:242 - Cannot read IP mode file for STMicroelectronics.X-CUBE-AZRTOS-L4.2.0.0
2024-06-08 21:26:29,114 [WARN] ConditionMgr:1038 - genDependencies : Invalid condition id : LAN8742 Phy interface Condition cause : null
2024-06-08 21:26:29,114 [WARN] ConditionMgr:1038 - genDependencies : Invalid condition id : LAN8742 Phy interface Condition cause : null
2024-06-08 21:26:29,115 [WARN] ConditionMgr:1038 - genDependencies : Invalid condition id : LAN8742 Phy interface Condition cause : null
2024-06-08 21:26:29,120 [WARN] PackLoader:242 - Cannot read IP mode file for STMicroelectronics.X-CUBE-SFXS2LP1.4.0.0
2024-06-08 21:26:29,131 [WARN] ConditionMgr:437 - getConditionDescription Invalid condition id : UX DEVICE CLASS RTOS Condition cause : null
2024-06-08 21:26:29,131 [WARN] ConditionMgr:437 - getConditionDescription Invalid condition id : UX DEVICE CLASS RTOS Condition cause : null
2024-06-08 21:26:29,133 [WARN] PackLoader:242 - Cannot read IP mode file for STMicroelectronics.X-CUBE-AZRTOS-WB.2.0.0
2024-06-08 21:26:29,134 [WARN] ConditionMgr:1038 - genDependencies : Invalid condition id : UX DEVICE CLASS RTOS Condition cause : null
2024-06-08 21:26:29,134 [WARN] ConditionMgr:1038 - genDependencies : Invalid condition id : UX DEVICE CLASS RTOS Condition cause : null
2024-06-08 21:26:29,134 [WARN] ConditionMgr:1038 - genDependencies : Invalid condition id : UX DEVICE CLASS RTOS Condition cause : null
2024-06-08 21:26:29,134 [WARN] ConditionMgr:1038 - genDependencies : Invalid condition id : UX DEVICE CLASS RTOS Condition cause : null
2024-06-08 21:26:29,134 [WARN] ConditionMgr:1038 - genDependencies : Invalid condition id : UX DEVICE CLASS RTOS Condition cause : null
2024-06-08 21:26:29,144 [WARN] PackLoader:242 - Cannot read IP mode file for STMicroelectronics.X-CUBE-SUBG2.5.0.0
2024-06-08 21:26:29,150 [WARN] PackLoader:242 - Cannot read IP mode file for Cesanta.I-CUBE-Mongoose.7.13.0
2024-06-08 21:26:29,161 [WARN] PackLoader:242 - Cannot read IP mode file for STMicroelectronics.X-CUBE-AZRTOS-G4.2.0.0
2024-06-08 21:26:29,166 [WARN] PackLoader:242 - Cannot read IP mode file for STMicroelectronics.X-CUBE-ISPU.2.0.0
2024-06-08 21:26:29,169 [WARN] PackLoader:242 - Cannot read IP mode file for STMicroelectronics.X-CUBE-ALS.1.0.2
2024-06-08 21:26:29,211 [WARN] PackLoader:242 - Cannot read IP mode file for STMicroelectronics.X-CUBE-MEMS1.10.0.0
2024-06-08 21:26:29,348 [WARN] PackLoader:242 - Cannot read IP mode file for portGmbH.I-Cube-SoM-uGOAL.1.1.0
2024-06-08 21:26:29,371 [WARN] PackLoader:242 - Cannot read IP mode file for STMicroelectronics.X-CUBE-AZRTOS-H7RS.1.0.0
2024-06-08 21:26:29,378 [WARN] PackLoader:242 - Cannot read IP mode file for STMicroelectronics.FP-ATR-ASTRA1.2.0.0
2024-06-08 21:26:29,389 [WARN] PackLoader:242 - Cannot read IP mode file for STMicroelectronics.X-CUBE-TOF1.3.4.1
2024-06-08 21:26:29,424 [WARN] PackLoader:242 - Cannot read IP mode file for STMicroelectronics.X-CUBE-AZRTOS-H7.3.2.0
2024-06-08 21:26:29,439 [WARN] PackLoader:242 - Cannot read IP mode file for Infineon.AIROC-Wi-Fi-Bluetooth-STM32.1.6.0
2024-06-08 21:26:29,468 [INFO] ThirdParty:947 - Integrity check success = true
2024-06-08 21:26:29,468 [INFO] IntegrityCheckThread:98 - exiting critical section [integrity check]
2024-06-08 21:26:29,468 [INFO] IntegrityCheckThread:101 - End integrity checks thread
2024-06-08 21:26:29,483 [INFO] Mcu:1925 - Initializing MCU STM32F405RGTx STM32F405RGTx 
2024-06-08 21:26:29,484 [INFO] Mcu:1938 - No CPN specified => set CPN to STM32F405RGT6
2024-06-08 21:26:31,301 [INFO] Context:654 - Trying to add GPIOservice into a context  which must be forbidden
2024-06-08 21:26:31,850 [INFO] ImportTextPane:193 - (OptionalMessage_ERROR) Unable to find key (Mcu.ThirdPartyNb) in loaded IOC file
2024-06-08 21:26:31,850 [INFO] ImportTextPane:193 - (OptionalMessage_ERROR) Unable to find key (Mcu.PinsNb) in loaded IOC file
2024-06-08 21:26:31,850 [INFO] ImportTextPane:193 - (OptionalMessage_ERROR) Unable to find key (Mcu.IPNb) in loaded IOC file
2024-06-08 21:26:31,953 [INFO] RtosManager:489 - Registered RTOS mode: class=CMSIS, group=RTOS, mode=CMSIS_V1, owner=FREERTOS
2024-06-08 21:26:31,953 [INFO] RtosManager:489 - Registered RTOS mode: class=CMSIS, group=RTOS2, mode=CMSIS_V2, owner=FREERTOS
2024-06-08 21:26:31,954 [INFO] RtosManager:489 - Registered RTOS mode: class=RTOS, group=Core, mode=CMSIS_V1, owner=FREERTOS
2024-06-08 21:26:31,954 [INFO] RtosManager:489 - Registered RTOS mode: class=RTOS, group=Core, mode=CMSIS_V2, owner=FREERTOS
2024-06-08 21:26:31,954 [WARN] ModelIntegratedComponent:185 - Missing modes for component STMicroelectronics:FreeRTOS:0.0.1:STMicroelectronics:RTOS:FreeRTOS:Core:::10.2.0:
2024-06-08 21:26:31,970 [WARN] ModelIntegratedComponent:64 - No mode defined for component null
2024-06-08 21:26:31,970 [WARN] ModelIntegratedComponent:64 - No mode defined for component null
2024-06-08 21:26:31,970 [WARN] ModelIntegratedComponent:64 - No mode defined for component null
2024-06-08 21:26:31,971 [WARN] ModelIntegratedComponent:64 - No mode defined for component null
2024-06-08 21:26:31,971 [WARN] ModelIntegratedComponent:64 - No mode defined for component null
2024-06-08 21:26:31,971 [WARN] ModelIntegratedComponent:64 - No mode defined for component null
2024-06-08 21:26:31,971 [WARN] ModelIntegratedComponent:64 - No mode defined for component null
2024-06-08 21:26:31,972 [WARN] ModelIntegratedComponent:64 - No mode defined for component null
2024-06-08 21:26:31,972 [WARN] ModelIntegratedComponent:64 - No mode defined for component null
2024-06-08 21:26:31,973 [WARN] ModelIntegratedComponent:64 - No mode defined for component null
2024-06-08 21:26:31,973 [WARN] ModelIntegratedComponent:64 - No mode defined for component null
2024-06-08 21:26:31,973 [WARN] ModelIntegratedComponent:64 - No mode defined for component null
2024-06-08 21:26:31,973 [WARN] ModelIntegratedComponent:64 - No mode defined for component null
2024-06-08 21:26:31,974 [WARN] ModelIntegratedComponent:64 - No mode defined for component null
2024-06-08 21:26:31,974 [WARN] ModelIntegratedComponent:64 - No mode defined for component null
2024-06-08 21:26:31,974 [WARN] ModelIntegratedComponent:64 - No mode defined for component null
2024-06-08 21:26:31,974 [WARN] ModelIntegratedComponent:64 - No mode defined for component null
2024-06-08 21:26:31,974 [WARN] ModelIntegratedComponent:64 - No mode defined for component null
2024-06-08 21:26:31,975 [WARN] ModelIntegratedComponent:64 - No mode defined for component null
2024-06-08 21:26:31,975 [WARN] ModelIntegratedComponent:64 - No mode defined for component null
2024-06-08 21:26:31,975 [WARN] ModelIntegratedComponent:64 - No mode defined for component null
2024-06-08 21:26:31,975 [WARN] ModelIntegratedComponent:64 - No mode defined for component null
2024-06-08 21:26:31,975 [WARN] ModelIntegratedComponent:64 - No mode defined for component null
2024-06-08 21:26:31,976 [WARN] ModelIntegratedComponent:64 - No mode defined for component null
2024-06-08 21:26:31,976 [WARN] ModelIntegratedComponent:64 - No mode defined for component null
2024-06-08 21:26:31,976 [WARN] ModelIntegratedComponent:64 - No mode defined for component null
2024-06-08 21:26:31,976 [WARN] ModelIntegratedComponent:64 - No mode defined for component null
2024-06-08 21:26:31,976 [WARN] ModelIntegratedComponent:64 - No mode defined for component null
2024-06-08 21:26:31,976 [WARN] ModelIntegratedComponent:64 - No mode defined for component null
2024-06-08 21:26:31,976 [WARN] ModelIntegratedComponent:64 - No mode defined for component null
2024-06-08 21:26:31,976 [WARN] ModelIntegratedComponent:64 - No mode defined for component null
2024-06-08 21:26:31,976 [WARN] ModelIntegratedComponent:64 - No mode defined for component null
2024-06-08 21:26:31,976 [WARN] ModelIntegratedComponent:64 - No mode defined for component null
2024-06-08 21:26:32,109 [INFO] ThirdPartyModel:294 - Start build external matchings
2024-06-08 21:26:32,640 [INFO] ThirdPartyModel:310 - End build external matchings
2024-06-08 21:26:32,995 [INFO] UtilMem:74 - End LoadConfig() Used Memory: 646774568 Bytes (767557632)
2024-06-08 21:26:33,015 [WARN] ThirdParty:807 - waiting for thirdparty lock release [change project]
2024-06-08 21:26:33,016 [INFO] ThirdParty:809 - entering critical section [change project]
2024-06-08 21:26:33,016 [INFO] ThirdParty:999 - CMSIS Pack Vendor :STMicroelectronics X-CUBE-GNSS1 6.0.0
2024-06-08 21:26:33,016 [INFO] ThirdParty:999 - CMSIS Pack Vendor :STMicroelectronics USB_HOST 2.0.0
2024-06-08 21:26:33,016 [INFO] ThirdParty:999 - CMSIS Pack Vendor :STMicroelectronics FP-SNS-MOTENVWB1 1.4.0
2024-06-08 21:26:33,016 [INFO] ThirdParty:999 - CMSIS Pack Vendor :STMicroelectronics X-CUBE-AZRTOS-F4 1.1.0
2024-06-08 21:26:33,016 [INFO] ThirdParty:999 - CMSIS Pack Vendor :STMicroelectronics LIBJPEG 8.0.0
2024-06-08 21:26:33,017 [INFO] ThirdParty:999 - CMSIS Pack Vendor :STMicroelectronics X-CUBE-SMBUS 2.1.0
2024-06-08 21:26:33,017 [INFO] ThirdParty:999 - CMSIS Pack Vendor :STMicroelectronics USB_DEVICE 3.0.0
2024-06-08 21:26:33,017 [INFO] ThirdParty:999 - CMSIS Pack Vendor :STMicroelectronics X-CUBE-TCPP 4.1.0
2024-06-08 21:26:33,017 [INFO] ThirdParty:999 - CMSIS Pack Vendor :STMicroelectronics X-CUBE-FREERTOS 1.2.0
2024-06-08 21:26:33,017 [INFO] ThirdParty:999 - CMSIS Pack Vendor :STMicroelectronics X-CUBE-AZRTOS-WB 2.0.0
2024-06-08 21:26:33,017 [INFO] ThirdParty:999 - CMSIS Pack Vendor :STMicroelectronics X-CUBE-TOUCHGFX 4.23.2
2024-06-08 21:26:33,017 [INFO] ThirdParty:999 - CMSIS Pack Vendor :STMicroelectronics X-CUBE-AZRTOS-F7 1.1.0
2024-06-08 21:26:33,017 [INFO] ThirdParty:999 - CMSIS Pack Vendor :STMicroelectronics X-CUBE-AZRTOS-L5 2.0.0
2024-06-08 21:26:33,017 [INFO] ThirdParty:999 - CMSIS Pack Vendor :STMicroelectronics USB_DEVICE 2.0.0
2024-06-08 21:26:33,017 [INFO] ThirdParty:999 - CMSIS Pack Vendor :STMicroelectronics X-CUBE-NFC6 3.1.0
2024-06-08 21:26:33,017 [INFO] ThirdParty:999 - CMSIS Pack Vendor :STMicroelectronics FreeRTOS 0.0.1
2024-06-08 21:26:33,017 [INFO] ThirdParty:999 - CMSIS Pack Vendor :STMicroelectronics X-CUBE-AZRTOS-G0 1.1.0
2024-06-08 21:26:33,017 [INFO] ThirdParty:999 - CMSIS Pack Vendor :STMicroelectronics X-CUBE-SAFEA1 1.2.2
2024-06-08 21:26:33,018 [INFO] ThirdParty:999 - CMSIS Pack Vendor :STMicroelectronics X-CUBE-NFC4 3.0.0
2024-06-08 21:26:33,018 [INFO] ThirdParty:999 - CMSIS Pack Vendor :STMicroelectronics X-CUBE-SUBG2 5.0.0
2024-06-08 21:26:33,018 [INFO] ThirdParty:999 - CMSIS Pack Vendor :STMicroelectronics STM32_WPAN 1.0.0
2024-06-08 21:26:33,018 [INFO] ThirdParty:999 - CMSIS Pack Vendor :STMicroelectronics lwIP 2.0.3
2024-06-08 21:26:33,018 [INFO] ThirdParty:999 - CMSIS Pack Vendor :STMicroelectronics FP-SNS-FLIGHT1 5.0.2
2024-06-08 21:26:33,018 [INFO] ThirdParty:999 - CMSIS Pack Vendor :Cesanta I-CUBE-Mongoose 7.13.0
2024-06-08 21:26:33,018 [INFO] ThirdParty:999 - CMSIS Pack Vendor :STMicroelectronics USB_HOST 1.0.0
2024-06-08 21:26:33,018 [INFO] ThirdParty:999 - CMSIS Pack Vendor :STMicroelectronics X-CUBE-AI 9.0.0
2024-06-08 21:26:33,019 [INFO] ThirdParty:999 - CMSIS Pack Vendor :STMicroelectronics X-CUBE-AZRTOS-G4 2.0.0
2024-06-08 21:26:33,019 [INFO] ThirdParty:999 - CMSIS Pack Vendor :STMicroelectronics PDM2PCM 3.1.0
2024-06-08 21:26:33,019 [INFO] ThirdParty:999 - CMSIS Pack Vendor :STMicroelectronics PDM2PCM 3.3.0
2024-06-08 21:26:33,019 [INFO] ThirdParty:999 - CMSIS Pack Vendor :STMicroelectronics X-CUBE-DISPLAY 3.0.0
2024-06-08 21:26:33,019 [INFO] ThirdParty:999 - CMSIS Pack Vendor :wolfSSL I-CUBE-wolfSSL 5.7.0
2024-06-08 21:26:33,019 [INFO] ThirdParty:999 - CMSIS Pack Vendor :STMicroelectronics X-CUBE-BLE1 7.0.0
2024-06-08 21:26:33,019 [INFO] ThirdParty:999 - CMSIS Pack Vendor :STMicroelectronics FP-ATR-SIGFOX1 3.2.0
2024-06-08 21:26:33,019 [INFO] ThirdParty:999 - CMSIS Pack Vendor :STMicroelectronics X-CUBE-ISPU 2.0.0
2024-06-08 21:26:33,019 [INFO] ThirdParty:999 - CMSIS Pack Vendor :STMicroelectronics X-CUBE-EEPRMA1 5.1.0
2024-06-08 21:26:33,020 [INFO] ThirdParty:999 - CMSIS Pack Vendor :STMicroelectronics HAL Drivers 0.0.0
2024-06-08 21:26:33,021 [INFO] ThirdParty:999 - CMSIS Pack Vendor :STMicroelectronics MBEDTLS 2.16.2
2024-06-08 21:26:33,021 [INFO] ThirdParty:999 - CMSIS Pack Vendor :STMicroelectronics X-CUBE-ALS 1.0.2
2024-06-08 21:26:33,021 [INFO] ThirdParty:999 - CMSIS Pack Vendor :emotas I-CUBE-CANOPEN 1.3.0
2024-06-08 21:26:33,021 [INFO] ThirdParty:999 - CMSIS Pack Vendor :STMicroelectronics X-CUBE-MEMS1 10.0.0
2024-06-08 21:26:33,021 [INFO] ThirdParty:999 - CMSIS Pack Vendor :STMicroelectronics X-CUBE-NFC7 1.0.1
2024-06-08 21:26:33,021 [INFO] ThirdParty:999 - CMSIS Pack Vendor :STMicroelectronics MBEDTLS 2.14.1
2024-06-08 21:26:33,022 [INFO] ThirdParty:999 - CMSIS Pack Vendor :ITTIA_DB I-CUBE-ITTIADB 8.9.0
2024-06-08 21:26:33,022 [INFO] ThirdParty:999 - CMSIS Pack Vendor :portGmbH I-Cube-SoM-uGOAL 1.1.0
2024-06-08 21:26:33,022 [INFO] ThirdParty:999 - CMSIS Pack Vendor :STMicroelectronics X-CUBE-BLEMGR 3.1.0
2024-06-08 21:26:33,022 [INFO] ThirdParty:999 - CMSIS Pack Vendor :STMicroelectronics ThreadX 1.0.0
2024-06-08 21:26:33,022 [INFO] ThirdParty:999 - CMSIS Pack Vendor :STMicroelectronics FP-SNS-SMARTAG2 1.2.0
2024-06-08 21:26:33,022 [INFO] ThirdParty:999 - CMSIS Pack Vendor :STMicroelectronics X-CUBE-AZRTOS-WL 2.0.0
2024-06-08 21:26:33,022 [INFO] ThirdParty:999 - CMSIS Pack Vendor :SEGGER I-CUBE-embOS 1.3.1
2024-06-08 21:26:33,023 [INFO] ThirdParty:999 - CMSIS Pack Vendor :STMicroelectronics X-CUBE-ALGOBUILD 1.4.0
2024-06-08 21:26:33,023 [INFO] ThirdParty:999 - CMSIS Pack Vendor :STMicroelectronics FP-SNS-MOTENV1 5.0.0
2024-06-08 21:26:33,023 [INFO] ThirdParty:999 - CMSIS Pack Vendor :STMicroelectronics USB_DEVICE 1.0.0
2024-06-08 21:26:33,023 [INFO] ThirdParty:999 - CMSIS Pack Vendor :STMicroelectronics X-CUBE-AZRTOS-H7RS 1.0.0
2024-06-08 21:26:33,023 [INFO] ThirdParty:999 - CMSIS Pack Vendor :wolfSSL I-CUBE-wolfMQTT 1.19.0
2024-06-08 21:26:33,023 [INFO] ThirdParty:999 - CMSIS Pack Vendor :STMicroelectronics X-CUBE-AZRTOS-L4 2.0.0
2024-06-08 21:26:33,023 [INFO] ThirdParty:999 - CMSIS Pack Vendor :STMicroelectronics ThreadX 0.0.2
2024-06-08 21:26:33,023 [INFO] ThirdParty:999 - CMSIS Pack Vendor :WES I-CUBE-Cesium 1.3.0
2024-06-08 21:26:33,023 [INFO] ThirdParty:999 - CMSIS Pack Vendor :STMicroelectronics FP-ATR-ASTRA1 2.0.0
2024-06-08 21:26:33,023 [INFO] ThirdParty:999 - CMSIS Pack Vendor :STMicroelectronics lwIP 2.1.2
2024-06-08 21:26:33,023 [INFO] ThirdParty:999 - CMSIS Pack Vendor :STMicroelectronics X-CUBE-SFXS2LP1 4.0.0
2024-06-08 21:26:33,024 [INFO] ThirdParty:999 - CMSIS Pack Vendor :STMicroelectronics X-CUBE-BLE2 3.3.0
2024-06-08 21:26:33,024 [INFO] ThirdParty:999 - CMSIS Pack Vendor :STMicroelectronics X-CUBE-TOF1 3.4.1
2024-06-08 21:26:33,024 [INFO] ThirdParty:999 - CMSIS Pack Vendor :STMicroelectronics X-CUBE-AZRTOS-H7 3.2.0
2024-06-08 21:26:33,024 [INFO] ThirdParty:999 - CMSIS Pack Vendor :Infineon AIROC-Wi-Fi-Bluetooth-STM32 1.6.0
2024-06-08 21:26:33,024 [INFO] ThirdParty:999 - CMSIS Pack Vendor :STMicroelectronics PDM2PCM 3.2.0
2024-06-08 21:26:33,024 [INFO] ThirdParty:815 - exiting critical section [change project]
2024-06-08 21:26:33,409 [INFO] PinOutPanel:1477 - setPackage(No Configuration,No Configuration)
2024-06-08 21:26:33,410 [INFO] PinOutPanel:1477 - setPackage(STM32F405RGTx,LQFP64)
2024-06-08 21:26:34,016 [INFO] UtilMem:74 - Before build in PCC Used Memory: 585104560 Bytes (767557632)
2024-06-08 21:26:34,738 [INFO] UtilMem:74 - After build in PCC Used Memory: 665661504 Bytes (767557632)
2024-06-08 21:26:34,772 [INFO] IPUIPlugin:79 - create IPUIPlugin
2024-06-08 21:26:34,773 [INFO] IPUIPlugin:79 - create IPUIPlugin
2024-06-08 21:26:34,773 [INFO] IPUIPlugin:79 - create IPUIPlugin
2024-06-08 21:26:34,773 [INFO] IPUIPlugin:79 - create IPUIPlugin
2024-06-08 21:26:34,773 [INFO] IPUIPlugin:79 - create IPUIPlugin
2024-06-08 21:26:34,773 [INFO] IPUIPlugin:79 - create IPUIPlugin
2024-06-08 21:26:34,773 [INFO] IPUIPlugin:79 - create IPUIPlugin
2024-06-08 21:26:34,774 [INFO] IPUIPlugin:79 - create IPUIPlugin
2024-06-08 21:26:34,774 [INFO] IPUIPlugin:79 - create IPUIPlugin
2024-06-08 21:26:34,774 [INFO] IPUIPlugin:79 - create IPUIPlugin
2024-06-08 21:26:34,775 [INFO] IPUIPlugin:79 - create IPUIPlugin
2024-06-08 21:26:34,775 [INFO] IPUIPlugin:79 - create IPUIPlugin
2024-06-08 21:26:34,775 [INFO] IPUIPlugin:79 - create IPUIPlugin
2024-06-08 21:26:34,775 [INFO] IPUIPlugin:79 - create IPUIPlugin
2024-06-08 21:26:34,776 [INFO] IPUIPlugin:79 - create IPUIPlugin
2024-06-08 21:26:34,776 [INFO] IPUIPlugin:79 - create IPUIPlugin
2024-06-08 21:26:34,776 [INFO] IPUIPlugin:79 - create IPUIPlugin
2024-06-08 21:26:34,776 [INFO] IPUIPlugin:79 - create IPUIPlugin
2024-06-08 21:26:34,777 [INFO] IPUIPlugin:79 - create IPUIPlugin
2024-06-08 21:26:34,777 [INFO] IPUIPlugin:79 - create IPUIPlugin
2024-06-08 21:26:34,777 [INFO] IPUIPlugin:79 - create IPUIPlugin
2024-06-08 21:26:34,778 [INFO] IPUIPlugin:79 - create IPUIPlugin
2024-06-08 21:26:34,779 [INFO] IPUIPlugin:79 - create IPUIPlugin
2024-06-08 21:26:34,780 [INFO] IPUIPlugin:79 - create IPUIPlugin
2024-06-08 21:26:34,780 [INFO] IPUIPlugin:79 - create IPUIPlugin
2024-06-08 21:26:34,781 [INFO] IPUIPlugin:79 - create IPUIPlugin
2024-06-08 21:26:34,781 [INFO] IPUIPlugin:79 - create IPUIPlugin
2024-06-08 21:26:34,781 [INFO] IPUIPlugin:79 - create IPUIPlugin
2024-06-08 21:26:34,782 [INFO] IPUIPlugin:79 - create IPUIPlugin
2024-06-08 21:26:34,783 [INFO] IPUIPlugin:79 - create IPUIPlugin
2024-06-08 21:26:34,783 [INFO] IPUIPlugin:79 - create IPUIPlugin
2024-06-08 21:26:34,783 [INFO] IPUIPlugin:79 - create IPUIPlugin
2024-06-08 21:26:34,783 [INFO] IPUIPlugin:79 - create IPUIPlugin
2024-06-08 21:26:34,784 [INFO] IPUIPlugin:79 - create IPUIPlugin
2024-06-08 21:26:34,784 [INFO] IPUIPlugin:79 - create IPUIPlugin
2024-06-08 21:26:34,784 [INFO] IPUIPlugin:79 - create IPUIPlugin
2024-06-08 21:26:34,784 [INFO] IPUIPlugin:79 - create IPUIPlugin
2024-06-08 21:26:34,784 [INFO] IPUIPlugin:79 - create IPUIPlugin
2024-06-08 21:26:34,785 [INFO] IPUIPlugin:79 - create IPUIPlugin
2024-06-08 21:26:34,786 [INFO] IPUIPlugin:79 - create IPUIPlugin
2024-06-08 21:26:34,786 [INFO] IPUIPlugin:79 - create IPUIPlugin
2024-06-08 21:26:34,787 [INFO] IPUIPlugin:79 - create IPUIPlugin
2024-06-08 21:26:34,787 [INFO] IPUIPlugin:79 - create IPUIPlugin
2024-06-08 21:26:34,787 [INFO] IPUIPlugin:79 - create IPUIPlugin
2024-06-08 21:26:34,788 [INFO] IPUIPlugin:79 - create IPUIPlugin
2024-06-08 21:26:34,788 [INFO] IPUIPlugin:79 - create IPUIPlugin
2024-06-08 21:26:34,788 [INFO] IPUIPlugin:79 - create IPUIPlugin
2024-06-08 21:26:34,788 [INFO] IPUIPlugin:79 - create IPUIPlugin
2024-06-08 21:26:34,789 [INFO] IPUIPlugin:79 - create IPUIPlugin
2024-06-08 21:26:34,789 [INFO] IPUIPlugin:79 - create IPUIPlugin
2024-06-08 21:26:34,789 [INFO] IPUIPlugin:79 - create IPUIPlugin
2024-06-08 21:26:34,790 [INFO] IPUIPlugin:79 - create IPUIPlugin
2024-06-08 21:26:34,791 [INFO] IPUIPlugin:79 - create IPUIPlugin
2024-06-08 21:26:34,792 [INFO] IPUIPlugin:79 - create IPUIPlugin
2024-06-08 21:26:34,867 [INFO] ApiDbMcu:505 - Load IP Config File for PDM2PCM
2024-06-08 21:26:35,071 [INFO] CADModel:164 - CPN selected for project levelSTM32F405RGT6
2024-06-08 21:26:35,072 [INFO] CADModel:113 - Register for checkConnection events
2024-06-08 21:26:35,128 [INFO] OpenFileManager:327 - Restore cursor
2024-06-08 21:26:35,991 [INFO] UtilMem:74 - End SaveConfig() Used Memory: 618862080 Bytes (767557632)
2024-06-08 21:26:38,273 [INFO] ServerAccessManage:474 - Download File stm32cube_fw_f4_v1270.zip
2024-06-08 21:28:12,770 [INFO] AnalyticsPlugin:363 - Accepted License(s): [FW.F4.1.27.0]
2024-06-08 21:28:12,771 [INFO] FileExtend:239 - Unzip File : stm32cube_fw_f4_v1270.zip
2024-06-08 21:28:12,771 [INFO] FileExtend:254 - Standard Zip Deflate
2024-06-08 21:29:19,938 [INFO] ServerAccessManage:474 - Download File stm32cube_fw_f4_v1271.zip
2024-06-08 21:29:30,104 [INFO] FileExtend:239 - Unzip File : stm32cube_fw_f4_v1271.zip
2024-06-08 21:29:30,105 [INFO] FileExtend:254 - Standard Zip Deflate
2024-06-08 21:29:30,999 [INFO] LoadServerPackagesThread:190 - End of LoadServerPackages Thread
2024-06-08 21:29:31,188 [INFO] ThirdPartyModel:294 - Start build external matchings
2024-06-08 21:29:31,191 [INFO] UtilMem:74 - End SaveConfig() Used Memory: 859520176 Bytes (1073741824)
2024-06-08 21:29:32,008 [INFO] BlockDiagram:2759 - set Specific Code input for plugin: RCC
2024-06-08 21:29:32,009 [INFO] BlockDiagram:2759 - set Specific Code input for plugin: NVIC
2024-06-08 21:29:32,012 [INFO] CodeGenerator:692 - code generatio: config db path: C:\ST\STM32CubeIDE_1.11.2\STM32CubeIDE\plugins\com.st.stm32cube.common.mx_6.7.0.202301130839\\db\
2024-06-08 21:29:32,029 [INFO] ThirdPartyModel:310 - End build external matchings
2024-06-08 21:29:32,046 [INFO] CheckServerUpdateThread:119 - End of CheckServer Thread
2024-06-08 21:29:32,416 [INFO] CodeEngine:247 - oldGeneratedFile, C:\Users\under\Documents\2024_robotracer\2024_robotracer_code\MXTmpFiles\license.tmp_save
2024-06-08 21:29:32,919 [INFO] CodeEngine:271 - Generated code: C:\Users\under\Documents\2024_robotracer\2024_robotracer_code\MXTmpFiles\license.tmp
2024-06-08 21:29:32,939 [INFO] CodeEngine:247 - oldGeneratedFile, C:\Users\under\Documents\2024_robotracer\2024_robotracer_code\Core\Src\stm32f4xx_it.c_save
2024-06-08 21:29:33,209 [INFO] CodeEngine:271 - Generated code: C:\Users\under\Documents\2024_robotracer\2024_robotracer_code\Core\Src\stm32f4xx_it.c
2024-06-08 21:29:33,214 [INFO] CodeEngine:247 - oldGeneratedFile, C:\Users\under\Documents\2024_robotracer\2024_robotracer_code\Core\Inc\stm32f4xx_it.h_save
2024-06-08 21:29:33,332 [INFO] CodeEngine:271 - Generated code: C:\Users\under\Documents\2024_robotracer\2024_robotracer_code\Core\Inc\stm32f4xx_it.h
2024-06-08 21:29:33,392 [INFO] CodeEngine:247 - oldGeneratedFile, C:\Users\under\Documents\2024_robotracer\2024_robotracer_code\Core\Src\stm32f4xx_hal_msp.c_save
2024-06-08 21:29:33,593 [INFO] CodeEngine:271 - Generated code: C:\Users\under\Documents\2024_robotracer\2024_robotracer_code\Core\Src\stm32f4xx_hal_msp.c
2024-06-08 21:29:33,597 [INFO] CodeEngine:247 - oldGeneratedFile, C:\Users\under\Documents\2024_robotracer\2024_robotracer_code\MXTmpFiles\system.tmp_save
2024-06-08 21:29:33,706 [INFO] CodeEngine:271 - Generated code: C:\Users\under\Documents\2024_robotracer\2024_robotracer_code\MXTmpFiles\system.tmp
2024-06-08 21:29:33,715 [INFO] CodeEngine:303 - oldGeneratedFile, C:\Users\under\Documents\2024_robotracer\2024_robotracer_code\Core\Inc\stm32f4xx_hal_conf.h_save
2024-06-08 21:29:33,853 [INFO] CodeEngine:327 - Generated code: C:\Users\under\Documents\2024_robotracer\2024_robotracer_code\Core\Inc\stm32f4xx_hal_conf.h
2024-06-08 21:29:33,915 [INFO] CodeEngine:247 - oldGeneratedFile, C:\Users\under\Documents\2024_robotracer\2024_robotracer_code\Core\Inc\main.h_save
2024-06-08 21:29:34,059 [INFO] CodeEngine:271 - Generated code: C:\Users\under\Documents\2024_robotracer\2024_robotracer_code\Core\Inc\main.h
2024-06-08 21:29:34,064 [INFO] CodeEngine:247 - oldGeneratedFile, C:\Users\under\Documents\2024_robotracer\2024_robotracer_code\Core\Src\main.c_save
2024-06-08 21:29:34,239 [INFO] CodeEngine:271 - Generated code: C:\Users\under\Documents\2024_robotracer\2024_robotracer_code\Core\Src\main.c
2024-06-08 21:29:35,082 [INFO] ProjectBuilder:2919 - Time for Copy HAL[1] : 141mS.
2024-06-08 21:29:35,096 [INFO] ProjectBuilder:4183 - Project Generator version: 3.18.0-B7
2024-06-08 21:29:35,504 [INFO] ConfigFileManager:1396 - The Die is : DIE413
2024-06-08 21:29:35,520 [INFO] ApiDbMcu:505 - Load IP Config File for FATFS
2024-06-08 21:29:35,551 [INFO] ApiDbMcu:505 - Load IP Config File for FREERTOS
2024-06-08 21:29:35,557 [INFO] ApiDbMcu:505 - Load IP Config File for LIBJPEG
2024-06-08 21:29:35,609 [INFO] ApiDbMcu:505 - Load IP Config File for MBEDTLS
2024-06-08 21:29:35,655 [INFO] ApiDbMcu:505 - Load IP Config File for USB_DEVICE
2024-06-08 21:29:35,671 [INFO] ApiDbMcu:505 - Load IP Config File for USB_HOST
2024-06-08 21:29:39,710 [INFO] ProjectBuilder:4351 - Time for Generating toolchain IDE Files: 4614mS.
2024-06-08 21:29:39,711 [INFO] ProjectBuilder:2790 - Time for Copy CMSIS : 0mS.
2024-06-08 21:29:39,714 [INFO] ProjectBuilder:2790 - Time for Copy CMSIS : 0mS.
2024-06-08 21:29:40,291 [INFO] McuFinderGlobals:65 - Set McuFinderConnectedMode to true
2024-06-08 21:29:40,298 [INFO] ApiDb:447 - Save user favorites file C:\Users\under/.stm32cubeide/favorites.mcus.txt: 0 item(s)
2024-06-08 21:29:40,299 [INFO] ApiDb:451 - User favorites MCUs=[]
2024-06-08 21:29:40,658 [ERROR] ConfigurationRetriever:140 - IOException on connection: citools.st.com
2024-06-08 21:29:40,659 [ERROR] ConfigurationRetriever:140 - IOException on connection: citools.st.com
2024-06-08 21:29:40,660 [ERROR] ConfigurationRetriever:140 - IOException on connection: citools.st.com
2024-06-08 21:31:08,950 [INFO] UtilMem:74 - End SaveConfig() Used Memory: 773733072 Bytes (1073741824)
2024-06-08 21:31:13,279 [INFO] UtilMem:74 - End SaveConfig() Used Memory: 640685832 Bytes (1073741824)
2024-06-08 21:31:20,313 [INFO] UtilMem:74 - End SaveConfig() Used Memory: 740586368 Bytes (1073741824)
2024-06-08 21:31:20,894 [INFO] BlockDiagram:2759 - set Specific Code input for plugin: SYS
2024-06-08 21:31:20,894 [INFO] BlockDiagram:2759 - set Specific Code input for plugin: RCC
2024-06-08 21:31:20,894 [INFO] BlockDiagram:2759 - set Specific Code input for plugin: NVIC
2024-06-08 21:31:20,895 [INFO] BlockDiagram:2759 - set Specific Code input for plugin: GPIO
2024-06-08 21:31:20,898 [INFO] CodeGenerator:692 - code generatio: config db path: C:\ST\STM32CubeIDE_1.11.2\STM32CubeIDE\plugins\com.st.stm32cube.common.mx_6.7.0.202301130839\\db\
2024-06-08 21:31:21,154 [INFO] CodeEngine:247 - oldGeneratedFile, C:\Users\under\Documents\2024_robotracer\2024_robotracer_code\MXTmpFiles\license.tmp_save
2024-06-08 21:31:21,259 [INFO] CodeEngine:271 - Generated code: C:\Users\under\Documents\2024_robotracer\2024_robotracer_code\MXTmpFiles\license.tmp
2024-06-08 21:31:21,275 [INFO] CodeEngine:247 - oldGeneratedFile, C:\Users\under\Documents\2024_robotracer\2024_robotracer_code\MXTmpFiles\gpio.tmp_save
2024-06-08 21:31:21,423 [INFO] CodeEngine:271 - Generated code: C:\Users\under\Documents\2024_robotracer\2024_robotracer_code\MXTmpFiles\gpio.tmp
2024-06-08 21:31:21,446 [INFO] CodeEngine:247 - oldGeneratedFile, C:\Users\under\Documents\2024_robotracer\2024_robotracer_code\Core\Src\stm32f4xx_it.c_save
2024-06-08 21:31:21,537 [INFO] CodeEngine:271 - Generated code: C:\Users\under\Documents\2024_robotracer\2024_robotracer_code\Core\Src\stm32f4xx_it.c
2024-06-08 21:31:21,542 [INFO] CodeEngine:247 - oldGeneratedFile, C:\Users\under\Documents\2024_robotracer\2024_robotracer_code\Core\Inc\stm32f4xx_it.h_save
2024-06-08 21:31:21,626 [INFO] CodeEngine:271 - Generated code: C:\Users\under\Documents\2024_robotracer\2024_robotracer_code\Core\Inc\stm32f4xx_it.h
2024-06-08 21:31:21,642 [INFO] CodeEngine:247 - oldGeneratedFile, C:\Users\under\Documents\2024_robotracer\2024_robotracer_code\Core\Src\stm32f4xx_hal_msp.c_save
2024-06-08 21:31:21,724 [INFO] CodeEngine:271 - Generated code: C:\Users\under\Documents\2024_robotracer\2024_robotracer_code\Core\Src\stm32f4xx_hal_msp.c
2024-06-08 21:31:21,728 [INFO] CodeEngine:247 - oldGeneratedFile, C:\Users\under\Documents\2024_robotracer\2024_robotracer_code\MXTmpFiles\system.tmp_save
2024-06-08 21:31:21,786 [INFO] CodeEngine:271 - Generated code: C:\Users\under\Documents\2024_robotracer\2024_robotracer_code\MXTmpFiles\system.tmp
2024-06-08 21:31:21,804 [INFO] CodeEngine:303 - oldGeneratedFile, C:\Users\under\Documents\2024_robotracer\2024_robotracer_code\Core\Inc\stm32f4xx_hal_conf.h_save
2024-06-08 21:31:21,910 [INFO] CodeEngine:327 - Generated code: C:\Users\under\Documents\2024_robotracer\2024_robotracer_code\Core\Inc\stm32f4xx_hal_conf.h
2024-06-08 21:31:21,956 [INFO] CodeEngine:247 - oldGeneratedFile, C:\Users\under\Documents\2024_robotracer\2024_robotracer_code\Core\Inc\main.h_save
2024-06-08 21:31:22,032 [INFO] CodeEngine:271 - Generated code: C:\Users\under\Documents\2024_robotracer\2024_robotracer_code\Core\Inc\main.h
2024-06-08 21:31:22,045 [INFO] CodeEngine:247 - oldGeneratedFile, C:\Users\under\Documents\2024_robotracer\2024_robotracer_code\Core\Src\main.c_save
2024-06-08 21:31:22,179 [INFO] CodeEngine:271 - Generated code: C:\Users\under\Documents\2024_robotracer\2024_robotracer_code\Core\Src\main.c
2024-06-08 21:31:23,054 [INFO] ProjectBuilder:2919 - Time for Copy HAL[1] : 162mS.
2024-06-08 21:31:23,058 [INFO] ProjectBuilder:4183 - Project Generator version: 3.18.0-B7
2024-06-08 21:31:23,447 [INFO] ConfigFileManager:1396 - The Die is : DIE413
2024-06-08 21:31:24,777 [INFO] ProjectBuilder:4351 - Time for Generating toolchain IDE Files: 1719mS.
2024-06-08 21:31:24,778 [INFO] ProjectBuilder:2790 - Time for Copy CMSIS : 1mS.
2024-06-08 21:31:24,780 [INFO] ProjectBuilder:2790 - Time for Copy CMSIS : 0mS.
2024-06-08 21:31:24,864 [ERROR] ConfigurationRetriever:140 - IOException on connection: citools.st.com
2024-06-08 21:31:24,865 [ERROR] ConfigurationRetriever:140 - IOException on connection: citools.st.com
2024-06-08 21:31:24,866 [ERROR] ConfigurationRetriever:140 - IOException on connection: citools.st.com
2024-06-08 21:33:31,165 [ERROR] ConfigurationRetriever:140 - IOException on connection: citools.st.com
2024-06-08 21:33:31,165 [ERROR] ConfigurationRetriever:140 - IOException on connection: citools.st.com
2024-06-08 21:33:31,166 [ERROR] ConfigurationRetriever:140 - IOException on connection: citools.st.com
2024-06-08 21:33:31,700 [INFO] JxBrowserEngine:114 - Initiate JxBrowser Engine with user profile folder
2024-06-08 21:33:35,979 [INFO] WebAppUi:459 - Close the Jxbrowser engine manually
2024-06-08 21:33:36,013 [INFO] WebAppUi:462 - Profiles folder deleted
2024-06-08 21:33:36,572 [ERROR] LogOutputStream:74 - [STDERR_REDIRECT] 
2024-06-08 21:33:53,580 [INFO] Activator:179 - 


2024-06-08 21:33:53,583 [INFO] Activator:180 - !SESSION log4j initialized
2024-06-08 21:34:00,052 [ERROR] ConfigurationRetriever:140 - IOException on connection: citools.st.com
2024-06-08 21:34:00,056 [ERROR] ConfigurationRetriever:140 - IOException on connection: citools.st.com
2024-06-08 21:34:00,057 [ERROR] ConfigurationRetriever:140 - IOException on connection: citools.st.com
2024-06-08 21:34:21,184 [ERROR] LogOutputStream:74 - [STDERR_REDIRECT] SLF4J: Failed to load class "org.slf4j.impl.StaticLoggerBinder".
2024-06-08 21:34:21,184 [ERROR] LogOutputStream:74 - [STDERR_REDIRECT] SLF4J: Defaulting to no-operation (NOP) logger implementation
2024-06-08 21:34:21,186 [ERROR] LogOutputStream:74 - [STDERR_REDIRECT] SLF4J: See http://www.slf4j.org/codes.html#StaticLoggerBinder for further details.
2024-06-08 21:35:14,149 [ERROR] ConfigurationRetriever:140 - IOException on connection: citools.st.com
2024-06-08 21:35:14,150 [ERROR] ConfigurationRetriever:140 - IOException on connection: citools.st.com
2024-06-08 21:35:14,150 [ERROR] ConfigurationRetriever:140 - IOException on connection: citools.st.com
